Using pre-set license
Built from '2020.3/staging' branch; Version is '2020.3.10f1 (297d780c91bc) revision 2719096'; Using compiler version '192528614'; Build Type 'Release'
OS: 'Windows 10 Pro; OS build 18363.1500; Version 1909; 64bit' Language: 'ko' Physical Memory: 32700 MB
BatchMode: 1, IsHumanControllingUs: 0, StartBugReporterOnCrash: 0, Is64bit: 1, IsPro: 0

 COMMAND LINE ARGUMENTS:
D:\2020.3.10f1\Editor\Unity.exe
-adb2
-batchMode
-noUpm
-name
AssetImportWorker1
-projectPath
C:/Users/USER/Documents/GitHub/Running_Animal/Running_Animal
-logFile
Logs/AssetImportWorker1.log
-srvPort
4428
Successfully changed project path to: C:/Users/USER/Documents/GitHub/Running_Animal/Running_Animal
C:/Users/USER/Documents/GitHub/Running_Animal/Running_Animal
Using Asset Import Pipeline V2.
Refreshing native plugins compatible for Editor in 38.39 ms, found 3 plugins.
Preloading 0 native plugins for Editor in 0.00 ms.
Initialize engine version: 2020.3.10f1 (297d780c91bc)
[Subsystems] Discovering subsystems at path D:/2020.3.10f1/Editor/Data/Resources/UnitySubsystems
[Subsystems] Discovering subsystems at path C:/Users/USER/Documents/GitHub/Running_Animal/Running_Animal/Assets
GfxDevice: creating device client; threaded=0
Direct3D:
    Version:  Direct3D 11.0 [level 11.1]
    Renderer: NVIDIA GeForce RTX 2060 (ID=0x1e89)
    Vendor:   
    VRAM:     5968 MB
    Driver:   27.21.14.5709
Initialize mono
Mono path[0] = 'D:/2020.3.10f1/Editor/Data/Managed'
Mono path[1] = 'D:/2020.3.10f1/Editor/Data/MonoBleedingEdge/lib/mono/unityjit'
Mono config path = 'D:/2020.3.10f1/Editor/Data/MonoBleedingEdge/etc'
Using monoOptions --debugger-agent=transport=dt_socket,embedding=1,server=y,suspend=n,address=127.0.0.1:56056
Begin MonoManager ReloadAssembly
Registering precompiled unity dll's ...
Register platform support module: D:/2020.3.10f1/Editor/Data/PlaybackEngines/WebGLSupport/UnityEditor.WebGL.Extensions.dll
Register platform support module: D:/2020.3.10f1/Editor/Data/PlaybackEngines/MacStandaloneSupport/UnityEditor.OSXStandalone.Extensions.dll
Register platform support module: D:/2020.3.10f1/Editor/Data/PlaybackEngines/WindowsStandaloneSupport/UnityEditor.WindowsStandalone.Extensions.dll
Registered in 0.001522 seconds.
Native extension for WindowsStandalone target not found
Native extension for OSXStandalone target not found
Native extension for WebGL target not found
Refreshing native plugins compatible for Editor in 38.72 ms, found 3 plugins.
Preloading 0 native plugins for Editor in 0.00 ms.
Mono: successfully reloaded assembly
- Completed reload, in  1.753 seconds
Platform modules already initialized, skipping
Registering precompiled user dll's ...
Registered in 0.007399 seconds.
Begin MonoManager ReloadAssembly
Native extension for WindowsStandalone target not found
Native extension for OSXStandalone target not found
Native extension for WebGL target not found
Refreshing native plugins compatible for Editor in 34.63 ms, found 3 plugins.
Preloading 0 native plugins for Editor in 0.00 ms.
Mono: successfully reloaded assembly
- Completed reload, in  0.894 seconds
Platform modules already initialized, skipping
========================================================================
Worker process is ready to serve import requests
Launched and connected shader compiler UnityShaderCompiler.exe after 0.04 seconds
Refreshing native plugins compatible for Editor in 0.41 ms, found 3 plugins.
Preloading 0 native plugins for Editor in 0.00 ms.
Unloading 2099 Unused Serialized files (Serialized files now loaded: 0)
System memory in use before: 96.8 MB.
System memory in use after: 96.8 MB.

Unloading 34 unused Assets to reduce memory usage. Loaded Objects now: 2533.
Total: 2.251100 ms (FindLiveObjects: 0.216000 ms CreateObjectMapping: 0.091300 ms MarkObjects: 1.824700 ms  DeleteObjects: 0.118000 ms)

========================================================================
Received Import Request.
  path: Assets/Resources/Trap/Forest/0248_Pattern.prefab
  artifactKey: Guid(9a91033acb9a0a34b9d3224d14c9d06f) Importer(815301076,1909f56bfc062723c751e8b465ee728b)
Start importing Assets/Resources/Trap/Forest/0248_Pattern.prefab using Guid(9a91033acb9a0a34b9d3224d14c9d06f) Importer(815301076,1909f56bfc062723c751e8b465ee728b)  -> (artifact id: '22d1d09873f8e3c3dd1105dff31fd134') in 0.119295 seconds
  Import took 0.122970 seconds .

========================================================================
Received Prepare
Registering precompiled user dll's ...
Registered in 0.006685 seconds.
Begin MonoManager ReloadAssembly
Native extension for WindowsStandalone target not found
Native extension for OSXStandalone target not found
Native extension for WebGL target not found
Refreshing native plugins compatible for Editor in 0.42 ms, found 3 plugins.
Preloading 0 native plugins for Editor in 0.00 ms.
Mono: successfully reloaded assembly
- Completed reload, in  0.822 seconds
Platform modules already initialized, skipping
Refreshing native plugins compatible for Editor in 0.41 ms, found 3 plugins.
Preloading 0 native plugins for Editor in 0.00 ms.
Unloading 2094 Unused Serialized files (Serialized files now loaded: 0)
System memory in use before: 99.8 MB.
System memory in use after: 99.7 MB.

Unloading 22 unused Assets to reduce memory usage. Loaded Objects now: 2544.
Total: 1.736800 ms (FindLiveObjects: 0.171000 ms CreateObjectMapping: 0.059800 ms MarkObjects: 1.432900 ms  DeleteObjects: 0.072500 ms)

========================================================================
Received Import Request.
  Time since last request: 109.830213 seconds.
  path: Assets/Resources/Trap/Forest/0249_Pattern.prefab
  artifactKey: Guid(836c4dcdb6fe7b644be6cdff888471f0) Importer(815301076,1909f56bfc062723c751e8b465ee728b)
Start importing Assets/Resources/Trap/Forest/0249_Pattern.prefab using Guid(836c4dcdb6fe7b644be6cdff888471f0) Importer(815301076,1909f56bfc062723c751e8b465ee728b)  -> (artifact id: '28c0a85319cd6619a99abcc4d71d9cb8') in 0.075492 seconds
  Import took 0.079910 seconds .

========================================================================
Received Prepare
Registering precompiled user dll's ...
Registered in 0.006382 seconds.
Begin MonoManager ReloadAssembly
Native extension for WindowsStandalone target not found
Native extension for OSXStandalone target not found
Native extension for WebGL target not found
Refreshing native plugins compatible for Editor in 0.43 ms, found 3 plugins.
Preloading 0 native plugins for Editor in 0.00 ms.
Mono: successfully reloaded assembly
- Completed reload, in  0.828 seconds
Platform modules already initialized, skipping
Refreshing native plugins compatible for Editor in 0.46 ms, found 3 plugins.
Preloading 0 native plugins for Editor in 0.00 ms.
Unloading 2094 Unused Serialized files (Serialized files now loaded: 0)
System memory in use before: 99.8 MB.
System memory in use after: 99.8 MB.

Unloading 22 unused Assets to reduce memory usage. Loaded Objects now: 2549.
Total: 1.861400 ms (FindLiveObjects: 0.166500 ms CreateObjectMapping: 0.067200 ms MarkObjects: 1.544000 ms  DeleteObjects: 0.083000 ms)

========================================================================
Received Import Request.
  Time since last request: 81.488317 seconds.
  path: Assets/Resources/Trap/Forest/0250_Pattern.prefab
  artifactKey: Guid(b6a7f08ab6bbcd440a480e972283d88e) Importer(815301076,1909f56bfc062723c751e8b465ee728b)
Start importing Assets/Resources/Trap/Forest/0250_Pattern.prefab using Guid(b6a7f08ab6bbcd440a480e972283d88e) Importer(815301076,1909f56bfc062723c751e8b465ee728b)  -> (artifact id: '6ad8d4ede2542bd4167c969542827603') in 0.067738 seconds
  Import took 0.072654 seconds .

========================================================================
Received Prepare
Registering precompiled user dll's ...
Registered in 0.007080 seconds.
Begin MonoManager ReloadAssembly
Native extension for WindowsStandalone target not found
Native extension for OSXStandalone target not found
Native extension for WebGL target not found
Refreshing native plugins compatible for Editor in 0.48 ms, found 3 plugins.
Preloading 0 native plugins for Editor in 0.00 ms.
Mono: successfully reloaded assembly
- Completed reload, in  0.796 seconds
Platform modules already initialized, skipping
Refreshing native plugins compatible for Editor in 0.41 ms, found 3 plugins.
Preloading 0 native plugins for Editor in 0.00 ms.
Unloading 2094 Unused Serialized files (Serialized files now loaded: 0)
System memory in use before: 99.9 MB.
System memory in use after: 99.8 MB.

Unloading 22 unused Assets to reduce memory usage. Loaded Objects now: 2554.
Total: 1.724500 ms (FindLiveObjects: 0.169100 ms CreateObjectMapping: 0.072700 ms MarkObjects: 1.404300 ms  DeleteObjects: 0.077500 ms)

========================================================================
Received Import Request.
  Time since last request: 22.319783 seconds.
  path: Assets/Resources/Trap/Forest/0250_Pattern.prefab
  artifactKey: Guid(b6a7f08ab6bbcd440a480e972283d88e) Importer(815301076,1909f56bfc062723c751e8b465ee728b)
Start importing Assets/Resources/Trap/Forest/0250_Pattern.prefab using Guid(b6a7f08ab6bbcd440a480e972283d88e) Importer(815301076,1909f56bfc062723c751e8b465ee728b)  -> (artifact id: '68801d2df58e199e58fc00fe099bd82c') in 0.065460 seconds
  Import took 0.069858 seconds .

========================================================================
Received Prepare
Registering precompiled user dll's ...
Registered in 0.006930 seconds.
Begin MonoManager ReloadAssembly
Native extension for WindowsStandalone target not found
Native extension for OSXStandalone target not found
Native extension for WebGL target not found
Refreshing native plugins compatible for Editor in 0.42 ms, found 3 plugins.
Preloading 0 native plugins for Editor in 0.00 ms.
Mono: successfully reloaded assembly
- Completed reload, in  0.825 seconds
Platform modules already initialized, skipping
Refreshing native plugins compatible for Editor in 0.41 ms, found 3 plugins.
Preloading 0 native plugins for Editor in 0.00 ms.
Unloading 2094 Unused Serialized files (Serialized files now loaded: 0)
System memory in use before: 99.9 MB.
System memory in use after: 99.9 MB.

Unloading 22 unused Assets to reduce memory usage. Loaded Objects now: 2559.
Total: 1.735600 ms (FindLiveObjects: 0.165200 ms CreateObjectMapping: 0.068800 ms MarkObjects: 1.424600 ms  DeleteObjects: 0.076400 ms)

========================================================================
Received Import Request.
  Time since last request: 72.521183 seconds.
  path: Assets/Resources/Trap/Forest/0251_Pattern.prefab
  artifactKey: Guid(801394e6e49a9c64a9cd26ec94806485) Importer(815301076,1909f56bfc062723c751e8b465ee728b)
Start importing Assets/Resources/Trap/Forest/0251_Pattern.prefab using Guid(801394e6e49a9c64a9cd26ec94806485) Importer(815301076,1909f56bfc062723c751e8b465ee728b)  -> (artifact id: '4ad5b027c440073200919d59e9570fbb') in 0.055441 seconds
  Import took 0.059151 seconds .

========================================================================
Received Prepare
Registering precompiled user dll's ...
Registered in 0.006654 seconds.
Begin MonoManager ReloadAssembly
Native extension for WindowsStandalone target not found
Native extension for OSXStandalone target not found
Native extension for WebGL target not found
Refreshing native plugins compatible for Editor in 0.42 ms, found 3 plugins.
Preloading 0 native plugins for Editor in 0.00 ms.
Mono: successfully reloaded assembly
- Completed reload, in  0.836 seconds
Platform modules already initialized, skipping
Refreshing native plugins compatible for Editor in 0.43 ms, found 3 plugins.
Preloading 0 native plugins for Editor in 0.00 ms.
Unloading 2094 Unused Serialized files (Serialized files now loaded: 0)
System memory in use before: 100.0 MB.
System memory in use after: 99.9 MB.

Unloading 22 unused Assets to reduce memory usage. Loaded Objects now: 2564.
Total: 1.725900 ms (FindLiveObjects: 0.164800 ms CreateObjectMapping: 0.067800 ms MarkObjects: 1.410400 ms  DeleteObjects: 0.082300 ms)

========================================================================
Received Prepare
Registering precompiled user dll's ...
Registered in 0.006104 seconds.
Begin MonoManager ReloadAssembly
Native extension for WindowsStandalone target not found
Native extension for OSXStandalone target not found
Native extension for WebGL target not found
Refreshing native plugins compatible for Editor in 0.44 ms, found 3 plugins.
Preloading 0 native plugins for Editor in 0.00 ms.
Mono: successfully reloaded assembly
- Completed reload, in  0.849 seconds
Platform modules already initialized, skipping
Refreshing native plugins compatible for Editor in 0.41 ms, found 3 plugins.
Preloading 0 native plugins for Editor in 0.00 ms.
Unloading 2094 Unused Serialized files (Serialized files now loaded: 0)
System memory in use before: 100.0 MB.
System memory in use after: 99.9 MB.

Unloading 22 unused Assets to reduce memory usage. Loaded Objects now: 2568.
Total: 1.737400 ms (FindLiveObjects: 0.160500 ms CreateObjectMapping: 0.067500 ms MarkObjects: 1.428100 ms  DeleteObjects: 0.080500 ms)

========================================================================
Received Import Request.
  Time since last request: 87.487898 seconds.
  path: Assets/Resources/Trap/Forest/0252_Pattern.prefab
  artifactKey: Guid(595f6809bb9d19943b7624085d4adccc) Importer(815301076,1909f56bfc062723c751e8b465ee728b)
Start importing Assets/Resources/Trap/Forest/0252_Pattern.prefab using Guid(595f6809bb9d19943b7624085d4adccc) Importer(815301076,1909f56bfc062723c751e8b465ee728b)  -> (artifact id: '887dea7d8f4df879385a32b0d0efb3e5') in 0.079871 seconds
  Import took 0.084984 seconds .

========================================================================
Received Prepare
Registering precompiled user dll's ...
Registered in 0.006247 seconds.
Begin MonoManager ReloadAssembly
Native extension for WindowsStandalone target not found
Native extension for OSXStandalone target not found
Native extension for WebGL target not found
Refreshing native plugins compatible for Editor in 0.42 ms, found 3 plugins.
Preloading 0 native plugins for Editor in 0.00 ms.
Mono: successfully reloaded assembly
- Completed reload, in  0.818 seconds
Platform modules already initialized, skipping
Refreshing native plugins compatible for Editor in 0.42 ms, found 3 plugins.
Preloading 0 native plugins for Editor in 0.00 ms.
Unloading 2094 Unused Serialized files (Serialized files now loaded: 0)
System memory in use before: 100.0 MB.
System memory in use after: 100.0 MB.

Unloading 22 unused Assets to reduce memory usage. Loaded Objects now: 2573.
Total: 1.770600 ms (FindLiveObjects: 0.178200 ms CreateObjectMapping: 0.069900 ms MarkObjects: 1.439200 ms  DeleteObjects: 0.082400 ms)

========================================================================
Received Import Request.
  Time since last request: 70.943951 seconds.
  path: Assets/Resources/Trap/Forest/0253_Pattern.prefab
  artifactKey: Guid(4773bdd2bc2d94e4eb663cbd89dc63cb) Importer(815301076,1909f56bfc062723c751e8b465ee728b)
Start importing Assets/Resources/Trap/Forest/0253_Pattern.prefab using Guid(4773bdd2bc2d94e4eb663cbd89dc63cb) Importer(815301076,1909f56bfc062723c751e8b465ee728b)  -> (artifact id: '96a19bd5548338901716b81c930ef431') in 0.059222 seconds
  Import took 0.063014 seconds .

========================================================================
Received Import Request.
  Time since last request: 80.117057 seconds.
  path: Assets/Resources/Trap/Forest/0254_Pattern.prefab
  artifactKey: Guid(447c8f49649c0b64b9a2ead973a09856) Importer(815301076,1909f56bfc062723c751e8b465ee728b)
Start importing Assets/Resources/Trap/Forest/0254_Pattern.prefab using Guid(447c8f49649c0b64b9a2ead973a09856) Importer(815301076,1909f56bfc062723c751e8b465ee728b)  -> (artifact id: '6a20e37eaab3337607a63bf24600056f') in 0.048813 seconds
  Import took 0.052768 seconds .

========================================================================
Received Prepare
Registering precompiled user dll's ...
Registered in 0.006157 seconds.
Begin MonoManager ReloadAssembly
Native extension for WindowsStandalone target not found
Native extension for OSXStandalone target not found
Native extension for WebGL target not found
Refreshing native plugins compatible for Editor in 0.45 ms, found 3 plugins.
Preloading 0 native plugins for Editor in 0.00 ms.
Mono: successfully reloaded assembly
- Completed reload, in  0.832 seconds
Platform modules already initialized, skipping
Refreshing native plugins compatible for Editor in 0.41 ms, found 3 plugins.
Preloading 0 native plugins for Editor in 0.00 ms.
Unloading 2094 Unused Serialized files (Serialized files now loaded: 0)
System memory in use before: 100.0 MB.
System memory in use after: 100.0 MB.

Unloading 22 unused Assets to reduce memory usage. Loaded Objects now: 2578.
Total: 1.804100 ms (FindLiveObjects: 0.164400 ms CreateObjectMapping: 0.067200 ms MarkObjects: 1.487500 ms  DeleteObjects: 0.084400 ms)

========================================================================
Received Import Request.
  Time since last request: 80.272277 seconds.
  path: Assets/Resources/Trap/Forest/0255_Pattern.prefab
  artifactKey: Guid(aa26c119c26baa844b19c127552083e1) Importer(815301076,1909f56bfc062723c751e8b465ee728b)
Start importing Assets/Resources/Trap/Forest/0255_Pattern.prefab using Guid(aa26c119c26baa844b19c127552083e1) Importer(815301076,1909f56bfc062723c751e8b465ee728b)  -> (artifact id: '17be05dde3738406d60ff99e70aae711') in 0.049244 seconds
  Import took 0.052712 seconds .

========================================================================
Received Prepare
Registering precompiled user dll's ...
Registered in 0.006446 seconds.
Begin MonoManager ReloadAssembly
Native extension for WindowsStandalone target not found
Native extension for OSXStandalone target not found
Native extension for WebGL target not found
Refreshing native plugins compatible for Editor in 0.43 ms, found 3 plugins.
Preloading 0 native plugins for Editor in 0.00 ms.
Mono: successfully reloaded assembly
- Completed reload, in  0.810 seconds
Platform modules already initialized, skipping
Refreshing native plugins compatible for Editor in 0.41 ms, found 3 plugins.
Preloading 0 native plugins for Editor in 0.00 ms.
Unloading 2094 Unused Serialized files (Serialized files now loaded: 0)
System memory in use before: 100.0 MB.
System memory in use after: 100.0 MB.

Unloading 22 unused Assets to reduce memory usage. Loaded Objects now: 2583.
Total: 2.032400 ms (FindLiveObjects: 0.192300 ms CreateObjectMapping: 0.080800 ms MarkObjects: 1.663200 ms  DeleteObjects: 0.095200 ms)

========================================================================
Received Prepare
Registering precompiled user dll's ...
Registered in 0.021173 seconds.
Begin MonoManager ReloadAssembly
Native extension for WindowsStandalone target not found
Native extension for OSXStandalone target not found
Native extension for WebGL target not found
Refreshing native plugins compatible for Editor in 0.43 ms, found 3 plugins.
Preloading 0 native plugins for Editor in 0.00 ms.
Mono: successfully reloaded assembly
- Completed reload, in  0.808 seconds
Platform modules already initialized, skipping
Refreshing native plugins compatible for Editor in 0.42 ms, found 3 plugins.
Preloading 0 native plugins for Editor in 0.00 ms.
Unloading 2094 Unused Serialized files (Serialized files now loaded: 0)
System memory in use before: 100.0 MB.
System memory in use after: 100.0 MB.

Unloading 22 unused Assets to reduce memory usage. Loaded Objects now: 2587.
Total: 1.803500 ms (FindLiveObjects: 0.183800 ms CreateObjectMapping: 0.079200 ms MarkObjects: 1.452700 ms  DeleteObjects: 0.086900 ms)

========================================================================
Received Prepare
Registering precompiled user dll's ...
Registered in 0.008233 seconds.
Begin MonoManager ReloadAssembly
Native extension for WindowsStandalone target not found
Native extension for OSXStandalone target not found
Native extension for WebGL target not found
Refreshing native plugins compatible for Editor in 0.42 ms, found 3 plugins.
Preloading 0 native plugins for Editor in 0.00 ms.
Mono: successfully reloaded assembly
- Completed reload, in  0.810 seconds
Platform modules already initialized, skipping
Refreshing native plugins compatible for Editor in 0.47 ms, found 3 plugins.
Preloading 0 native plugins for Editor in 0.00 ms.
Unloading 2094 Unused Serialized files (Serialized files now loaded: 0)
System memory in use before: 100.1 MB.
System memory in use after: 100.0 MB.

Unloading 22 unused Assets to reduce memory usage. Loaded Objects now: 2591.
Total: 1.943000 ms (FindLiveObjects: 0.167700 ms CreateObjectMapping: 0.066700 ms MarkObjects: 1.618600 ms  DeleteObjects: 0.089300 ms)

========================================================================
Received Prepare
Registering precompiled user dll's ...
Registered in 0.006383 seconds.
Begin MonoManager ReloadAssembly
Native extension for WindowsStandalone target not found
Native extension for OSXStandalone target not found
Native extension for WebGL target not found
Refreshing native plugins compatible for Editor in 0.42 ms, found 3 plugins.
Preloading 0 native plugins for Editor in 0.00 ms.
Mono: successfully reloaded assembly
- Completed reload, in  0.789 seconds
Platform modules already initialized, skipping
Refreshing native plugins compatible for Editor in 0.42 ms, found 3 plugins.
Preloading 0 native plugins for Editor in 0.00 ms.
Unloading 2094 Unused Serialized files (Serialized files now loaded: 0)
System memory in use before: 100.1 MB.
System memory in use after: 100.0 MB.

Unloading 22 unused Assets to reduce memory usage. Loaded Objects now: 2595.
Total: 1.886100 ms (FindLiveObjects: 0.191000 ms CreateObjectMapping: 0.078700 ms MarkObjects: 1.527800 ms  DeleteObjects: 0.088100 ms)

========================================================================
Received Prepare
Registering precompiled user dll's ...
Registered in 0.006399 seconds.
Begin MonoManager ReloadAssembly
Native extension for WindowsStandalone target not found
Native extension for OSXStandalone target not found
Native extension for WebGL target not found
Refreshing native plugins compatible for Editor in 0.42 ms, found 3 plugins.
Preloading 0 native plugins for Editor in 0.00 ms.
Mono: successfully reloaded assembly
- Completed reload, in  0.806 seconds
Platform modules already initialized, skipping
Refreshing native plugins compatible for Editor in 0.42 ms, found 3 plugins.
Preloading 0 native plugins for Editor in 0.00 ms.
Unloading 2094 Unused Serialized files (Serialized files now loaded: 0)
System memory in use before: 100.1 MB.
System memory in use after: 100.1 MB.

Unloading 22 unused Assets to reduce memory usage. Loaded Objects now: 2599.
Total: 1.852200 ms (FindLiveObjects: 0.183600 ms CreateObjectMapping: 0.084000 ms MarkObjects: 1.496900 ms  DeleteObjects: 0.086900 ms)

========================================================================
Received Prepare
Registering precompiled user dll's ...
Registered in 0.007146 seconds.
Begin MonoManager ReloadAssembly
Native extension for WindowsStandalone target not found
Native extension for OSXStandalone target not found
Native extension for WebGL target not found
Refreshing native plugins compatible for Editor in 0.43 ms, found 3 plugins.
Preloading 0 native plugins for Editor in 0.00 ms.
Mono: successfully reloaded assembly
- Completed reload, in  0.836 seconds
Platform modules already initialized, skipping
Refreshing native plugins compatible for Editor in 0.42 ms, found 3 plugins.
Preloading 0 native plugins for Editor in 0.00 ms.
Unloading 2094 Unused Serialized files (Serialized files now loaded: 0)
System memory in use before: 100.1 MB.
System memory in use after: 100.1 MB.

Unloading 22 unused Assets to reduce memory usage. Loaded Objects now: 2603.
Total: 1.822700 ms (FindLiveObjects: 0.174600 ms CreateObjectMapping: 0.078200 ms MarkObjects: 1.478200 ms  DeleteObjects: 0.090900 ms)

========================================================================
Received Prepare
Registering precompiled user dll's ...
Registered in 0.006307 seconds.
Begin MonoManager ReloadAssembly
Native extension for WindowsStandalone target not found
Native extension for OSXStandalone target not found
Native extension for WebGL target not found
Refreshing native plugins compatible for Editor in 0.43 ms, found 3 plugins.
Preloading 0 native plugins for Editor in 0.00 ms.
Mono: successfully reloaded assembly
- Completed reload, in  0.878 seconds
Platform modules already initialized, skipping
Switching build target platform(19) subTarget(0) extendedPlatform(0) -> platform(13) subTarget(537395200) extendedPlatform(0)
Refreshing native plugins compatible for Editor in 0.53 ms, found 3 plugins.
Preloading 0 native plugins for Editor in 0.00 ms.
Unloading 2098 Unused Serialized files (Serialized files now loaded: 0)
System memory in use before: 100.1 MB.
System memory in use after: 100.1 MB.

Unloading 22 unused Assets to reduce memory usage. Loaded Objects now: 2607.
Total: 1.748000 ms (FindLiveObjects: 0.165100 ms CreateObjectMapping: 0.072500 ms MarkObjects: 1.427000 ms  DeleteObjects: 0.082500 ms)

AssetImportParameters requested are different than current active one (requested -> active):
  custom:graphics/normal-map-encoding: 01000000000000000000000000000000 -> 02000000000000000000000000000000
========================================================================
Received Prepare
Refreshing native plugins compatible for Editor in 6.11 ms, found 3 plugins.
Preloading 0 native plugins for Editor in 0.00 ms.
Unloading 20 Unused Serialized files (Serialized files now loaded: 0)
System memory in use before: 59.1 MB.
System memory in use after: 59.1 MB.

Unloading 20 unused Assets to reduce memory usage. Loaded Objects now: 2607.
Total: 1.956700 ms (FindLiveObjects: 0.195100 ms CreateObjectMapping: 0.080800 ms MarkObjects: 1.592900 ms  DeleteObjects: 0.087200 ms)

========================================================================
Received Prepare
Refreshing native plugins compatible for Editor in 5.75 ms, found 3 plugins.
Preloading 0 native plugins for Editor in 0.00 ms.
Unloading 20 Unused Serialized files (Serialized files now loaded: 0)
System memory in use before: 59.1 MB.
System memory in use after: 59.1 MB.

Unloading 20 unused Assets to reduce memory usage. Loaded Objects now: 2607.
Total: 2.005300 ms (FindLiveObjects: 0.172900 ms CreateObjectMapping: 0.072600 ms MarkObjects: 1.664300 ms  DeleteObjects: 0.094700 ms)

========================================================================
Received Prepare
Refreshing native plugins compatible for Editor in 5.84 ms, found 3 plugins.
Preloading 0 native plugins for Editor in 0.00 ms.
Unloading 20 Unused Serialized files (Serialized files now loaded: 0)
System memory in use before: 59.1 MB.
System memory in use after: 59.1 MB.

Unloading 20 unused Assets to reduce memory usage. Loaded Objects now: 2607.
Total: 1.938100 ms (FindLiveObjects: 0.183500 ms CreateObjectMapping: 0.064800 ms MarkObjects: 1.600300 ms  DeleteObjects: 0.088800 ms)

AssetImportWorkerClient::OnTransportError - code=2 error=End of file
