Using pre-set license
Built from '2020.3/staging' branch; Version is '2020.3.10f1 (297d780c91bc) revision 2719096'; Using compiler version '192528614'; Build Type 'Release'
OS: 'Windows 10 Pro; OS build 18363.1500; Version 1909; 64bit' Language: 'ko' Physical Memory: 32700 MB
BatchMode: 1, IsHumanControllingUs: 0, StartBugReporterOnCrash: 0, Is64bit: 1, IsPro: 0

 COMMAND LINE ARGUMENTS:
D:\2020.3.10f1\Editor\Unity.exe
-adb2
-batchMode
-noUpm
-name
AssetImportWorker0
-projectPath
C:/Users/USER/Documents/GitHub/Running_Animal/Running_Animal
-logFile
Logs/AssetImportWorker0.log
-srvPort
10710
Successfully changed project path to: C:/Users/USER/Documents/GitHub/Running_Animal/Running_Animal
C:/Users/USER/Documents/GitHub/Running_Animal/Running_Animal
Using Asset Import Pipeline V2.
Refreshing native plugins compatible for Editor in 38.34 ms, found 3 plugins.
Preloading 0 native plugins for Editor in 0.00 ms.
Initialize engine version: 2020.3.10f1 (297d780c91bc)
[Subsystems] Discovering subsystems at path D:/2020.3.10f1/Editor/Data/Resources/UnitySubsystems
[Subsystems] Discovering subsystems at path C:/Users/USER/Documents/GitHub/Running_Animal/Running_Animal/Assets
GfxDevice: creating device client; threaded=0
Direct3D:
    Version:  Direct3D 11.0 [level 11.1]
    Renderer: NVIDIA GeForce RTX 2060 (ID=0x1e89)
    Vendor:   
    VRAM:     5968 MB
    Driver:   27.21.14.5709
Initialize mono
Mono path[0] = 'D:/2020.3.10f1/Editor/Data/Managed'
Mono path[1] = 'D:/2020.3.10f1/Editor/Data/MonoBleedingEdge/lib/mono/unityjit'
Mono config path = 'D:/2020.3.10f1/Editor/Data/MonoBleedingEdge/etc'
Using monoOptions --debugger-agent=transport=dt_socket,embedding=1,server=y,suspend=n,address=127.0.0.1:56696
Begin MonoManager ReloadAssembly
Registering precompiled unity dll's ...
Register platform support module: D:/2020.3.10f1/Editor/Data/PlaybackEngines/WebGLSupport/UnityEditor.WebGL.Extensions.dll
Register platform support module: D:/2020.3.10f1/Editor/Data/PlaybackEngines/MacStandaloneSupport/UnityEditor.OSXStandalone.Extensions.dll
Register platform support module: D:/2020.3.10f1/Editor/Data/PlaybackEngines/WindowsStandaloneSupport/UnityEditor.WindowsStandalone.Extensions.dll
Registered in 0.001507 seconds.
Native extension for WindowsStandalone target not found
Native extension for OSXStandalone target not found
Native extension for WebGL target not found
Refreshing native plugins compatible for Editor in 38.57 ms, found 3 plugins.
Preloading 0 native plugins for Editor in 0.00 ms.
Mono: successfully reloaded assembly
- Completed reload, in  1.587 seconds
Platform modules already initialized, skipping
Registering precompiled user dll's ...
Registered in 0.006797 seconds.
Begin MonoManager ReloadAssembly
Native extension for WindowsStandalone target not found
Native extension for OSXStandalone target not found
Native extension for WebGL target not found
Refreshing native plugins compatible for Editor in 34.81 ms, found 3 plugins.
Preloading 0 native plugins for Editor in 0.00 ms.
Mono: successfully reloaded assembly
- Completed reload, in  0.901 seconds
Platform modules already initialized, skipping
========================================================================
Worker process is ready to serve import requests
Launched and connected shader compiler UnityShaderCompiler.exe after 0.07 seconds
Refreshing native plugins compatible for Editor in 0.41 ms, found 3 plugins.
Preloading 0 native plugins for Editor in 0.00 ms.
Unloading 2101 Unused Serialized files (Serialized files now loaded: 0)
System memory in use before: 96.9 MB.
System memory in use after: 96.8 MB.

Unloading 34 unused Assets to reduce memory usage. Loaded Objects now: 2534.
Total: 1.854300 ms (FindLiveObjects: 0.186300 ms CreateObjectMapping: 0.072600 ms MarkObjects: 1.494900 ms  DeleteObjects: 0.099700 ms)

========================================================================
Received Import Request.
  path: Assets/Resources/Item/HP.prefab
  artifactKey: Guid(50a269c5c519dee49a12383f7e52ed54) Importer(815301076,1909f56bfc062723c751e8b465ee728b)
Start importing Assets/Resources/Item/HP.prefab using Guid(50a269c5c519dee49a12383f7e52ed54) Importer(815301076,1909f56bfc062723c751e8b465ee728b)  -> (artifact id: '7745477c785f3c57cbc4c15df5627eca') in 0.415828 seconds
  Import took 0.418633 seconds .

========================================================================
Received Import Request.
  Time since last request: 0.000160 seconds.
  path: Assets/Resources/Trap/LvUp.prefab
  artifactKey: Guid(5790448444f53f14a9ba41637335d3a8) Importer(815301076,1909f56bfc062723c751e8b465ee728b)
Start importing Assets/Resources/Trap/LvUp.prefab using Guid(5790448444f53f14a9ba41637335d3a8) Importer(815301076,1909f56bfc062723c751e8b465ee728b)  -> (artifact id: '02766029c783ea95b1224f457ee1c29c') in 0.040162 seconds
  Import took 0.042763 seconds .

========================================================================
Received Import Request.
  Time since last request: 0.000157 seconds.
  path: Assets/Resources/Item/Coin.prefab
  artifactKey: Guid(30bb8a814ea059643adfbd52062da880) Importer(815301076,1909f56bfc062723c751e8b465ee728b)
Start importing Assets/Resources/Item/Coin.prefab using Guid(30bb8a814ea059643adfbd52062da880) Importer(815301076,1909f56bfc062723c751e8b465ee728b)  -> (artifact id: '9696d406c36d4628387b531c6f79b6b6') in 0.339002 seconds
  Import took 0.341589 seconds .

========================================================================
Received Import Request.
  Time since last request: 8.137509 seconds.
  path: Assets/Resources/Item/Coin.prefab
  artifactKey: Guid(30bb8a814ea059643adfbd52062da880) Importer(815301076,1909f56bfc062723c751e8b465ee728b)
Start importing Assets/Resources/Item/Coin.prefab using Guid(30bb8a814ea059643adfbd52062da880) Importer(815301076,1909f56bfc062723c751e8b465ee728b)  -> (artifact id: 'd81d950ab6f289cbb6862b7a1be43748') in 0.042043 seconds
  Import took 0.045197 seconds .

========================================================================
Received Import Request.
  Time since last request: 4.358231 seconds.
  path: Assets/Resources/Item/Coin.prefab
  artifactKey: Guid(30bb8a814ea059643adfbd52062da880) Importer(815301076,1909f56bfc062723c751e8b465ee728b)
Start importing Assets/Resources/Item/Coin.prefab using Guid(30bb8a814ea059643adfbd52062da880) Importer(815301076,1909f56bfc062723c751e8b465ee728b)  -> (artifact id: '7874852b1ba26e93bc335ae35708e130') in 0.030149 seconds
  Import took 0.032997 seconds .

========================================================================
Received Import Request.
  Time since last request: 0.037492 seconds.
  path: Assets/Resources/Item/Coin.prefab
  artifactKey: Guid(30bb8a814ea059643adfbd52062da880) Importer(815301076,1909f56bfc062723c751e8b465ee728b)
Start importing Assets/Resources/Item/Coin.prefab using Guid(30bb8a814ea059643adfbd52062da880) Importer(815301076,1909f56bfc062723c751e8b465ee728b)  -> (artifact id: '7874852b1ba26e93bc335ae35708e130') in 0.042128 seconds
  Import took 0.044993 seconds .

========================================================================
Received Prepare
Registering precompiled user dll's ...
Registered in 0.008067 seconds.
Begin MonoManager ReloadAssembly
Native extension for WindowsStandalone target not found
Native extension for OSXStandalone target not found
Native extension for WebGL target not found
Refreshing native plugins compatible for Editor in 0.89 ms, found 3 plugins.
Preloading 0 native plugins for Editor in 0.00 ms.
Mono: successfully reloaded assembly
- Completed reload, in  0.831 seconds
Platform modules already initialized, skipping
Switching build target platform(19) subTarget(0) extendedPlatform(0) -> platform(13) subTarget(537395200) extendedPlatform(0)
Refreshing native plugins compatible for Editor in 0.41 ms, found 3 plugins.
Preloading 0 native plugins for Editor in 0.00 ms.
Unloading 2099 Unused Serialized files (Serialized files now loaded: 0)
System memory in use before: 99.8 MB.
System memory in use after: 99.8 MB.

Unloading 22 unused Assets to reduce memory usage. Loaded Objects now: 2545.
Total: 1.727100 ms (FindLiveObjects: 0.167500 ms CreateObjectMapping: 0.078100 ms MarkObjects: 1.401000 ms  DeleteObjects: 0.079700 ms)

AssetImportParameters requested are different than current active one (requested -> active):
  custom:graphics/normal-map-encoding: 01000000000000000000000000000000 -> 02000000000000000000000000000000
========================================================================
Received Prepare
Registering precompiled user dll's ...
Registered in 0.007158 seconds.
Begin MonoManager ReloadAssembly
Native extension for WindowsStandalone target not found
Native extension for OSXStandalone target not found
Native extension for WebGL target not found
Refreshing native plugins compatible for Editor in 0.42 ms, found 3 plugins.
Preloading 0 native plugins for Editor in 0.00 ms.
Mono: successfully reloaded assembly
- Completed reload, in  0.825 seconds
Platform modules already initialized, skipping
Switching build target platform(19) subTarget(0) extendedPlatform(0) -> platform(13) subTarget(537395200) extendedPlatform(0)
Refreshing native plugins compatible for Editor in 0.39 ms, found 3 plugins.
Preloading 0 native plugins for Editor in 0.00 ms.
Unloading 2099 Unused Serialized files (Serialized files now loaded: 0)
System memory in use before: 99.9 MB.
System memory in use after: 99.8 MB.

Unloading 22 unused Assets to reduce memory usage. Loaded Objects now: 2549.
Total: 1.720100 ms (FindLiveObjects: 0.173000 ms CreateObjectMapping: 0.068600 ms MarkObjects: 1.398800 ms  DeleteObjects: 0.079100 ms)

AssetImportParameters requested are different than current active one (requested -> active):
  custom:graphics/normal-map-encoding: 01000000000000000000000000000000 -> 02000000000000000000000000000000
========================================================================
Received Prepare
Registering precompiled user dll's ...
Registered in 0.009109 seconds.
Begin MonoManager ReloadAssembly
Native extension for WindowsStandalone target not found
Native extension for OSXStandalone target not found
Native extension for WebGL target not found
Refreshing native plugins compatible for Editor in 0.42 ms, found 3 plugins.
Preloading 0 native plugins for Editor in 0.00 ms.
Mono: successfully reloaded assembly
- Completed reload, in  0.800 seconds
Platform modules already initialized, skipping
Switching build target platform(19) subTarget(0) extendedPlatform(0) -> platform(13) subTarget(537395200) extendedPlatform(0)
Refreshing native plugins compatible for Editor in 0.40 ms, found 3 plugins.
Preloading 0 native plugins for Editor in 0.00 ms.
Unloading 2099 Unused Serialized files (Serialized files now loaded: 0)
System memory in use before: 99.9 MB.
System memory in use after: 99.9 MB.

Unloading 22 unused Assets to reduce memory usage. Loaded Objects now: 2553.
Total: 1.917900 ms (FindLiveObjects: 0.175100 ms CreateObjectMapping: 0.064000 ms MarkObjects: 1.593500 ms  DeleteObjects: 0.084700 ms)

AssetImportParameters requested are different than current active one (requested -> active):
  custom:graphics/normal-map-encoding: 01000000000000000000000000000000 -> 02000000000000000000000000000000
========================================================================
Received Import Request.
  Time since last request: 4358.321394 seconds.
  path: Assets/Scenes/Main.unity
  artifactKey: Guid(68b57cc759112dd47986ac4335ac74d3) Importer(815301076,1909f56bfc062723c751e8b465ee728b)
Start importing Assets/Scenes/Main.unity using Guid(68b57cc759112dd47986ac4335ac74d3) Importer(815301076,1909f56bfc062723c751e8b465ee728b)  -> (artifact id: '4c2605868ebbdace33b5c65e1778ccd9') in 0.010706 seconds
  Import took 0.013656 seconds .

========================================================================
Received Prepare
Registering precompiled user dll's ...
Registered in 0.006159 seconds.
Begin MonoManager ReloadAssembly
Native extension for WindowsStandalone target not found
Native extension for OSXStandalone target not found
Native extension for WebGL target not found
Refreshing native plugins compatible for Editor in 0.42 ms, found 3 plugins.
Preloading 0 native plugins for Editor in 0.00 ms.
Mono: successfully reloaded assembly
- Completed reload, in  0.800 seconds
Platform modules already initialized, skipping
Switching build target platform(19) subTarget(0) extendedPlatform(0) -> platform(13) subTarget(537395200) extendedPlatform(0)
Refreshing native plugins compatible for Editor in 0.41 ms, found 3 plugins.
Preloading 0 native plugins for Editor in 0.00 ms.
Unloading 2099 Unused Serialized files (Serialized files now loaded: 0)
System memory in use before: 100.0 MB.
System memory in use after: 100.0 MB.

Unloading 22 unused Assets to reduce memory usage. Loaded Objects now: 2557.
Total: 1.797500 ms (FindLiveObjects: 0.171700 ms CreateObjectMapping: 0.082400 ms MarkObjects: 1.458000 ms  DeleteObjects: 0.084700 ms)

AssetImportParameters requested are different than current active one (requested -> active):
  custom:graphics/normal-map-encoding: 01000000000000000000000000000000 -> 02000000000000000000000000000000
========================================================================
Received Prepare
Registering precompiled user dll's ...
Registered in 0.006496 seconds.
Begin MonoManager ReloadAssembly
Native extension for WindowsStandalone target not found
Native extension for OSXStandalone target not found
Native extension for WebGL target not found
Refreshing native plugins compatible for Editor in 0.41 ms, found 3 plugins.
Preloading 0 native plugins for Editor in 0.00 ms.
Mono: successfully reloaded assembly
- Completed reload, in  0.807 seconds
Platform modules already initialized, skipping
Switching build target platform(19) subTarget(0) extendedPlatform(0) -> platform(13) subTarget(537395200) extendedPlatform(0)
Refreshing native plugins compatible for Editor in 0.40 ms, found 3 plugins.
Preloading 0 native plugins for Editor in 0.00 ms.
Unloading 2099 Unused Serialized files (Serialized files now loaded: 0)
System memory in use before: 100.0 MB.
System memory in use after: 100.0 MB.

Unloading 22 unused Assets to reduce memory usage. Loaded Objects now: 2561.
Total: 1.758800 ms (FindLiveObjects: 0.181000 ms CreateObjectMapping: 0.070200 ms MarkObjects: 1.425000 ms  DeleteObjects: 0.082100 ms)

AssetImportParameters requested are different than current active one (requested -> active):
  custom:graphics/normal-map-encoding: 01000000000000000000000000000000 -> 02000000000000000000000000000000
========================================================================
Received Prepare
Registering precompiled user dll's ...
Registered in 0.005957 seconds.
Begin MonoManager ReloadAssembly
Native extension for WindowsStandalone target not found
Native extension for OSXStandalone target not found
Native extension for WebGL target not found
Refreshing native plugins compatible for Editor in 0.42 ms, found 3 plugins.
Preloading 0 native plugins for Editor in 0.00 ms.
Mono: successfully reloaded assembly
- Completed reload, in  0.796 seconds
Platform modules already initialized, skipping
Switching build target platform(19) subTarget(0) extendedPlatform(0) -> platform(13) subTarget(537395200) extendedPlatform(0)
Refreshing native plugins compatible for Editor in 0.40 ms, found 3 plugins.
Preloading 0 native plugins for Editor in 0.00 ms.
Unloading 2099 Unused Serialized files (Serialized files now loaded: 0)
System memory in use before: 100.0 MB.
System memory in use after: 100.0 MB.

Unloading 22 unused Assets to reduce memory usage. Loaded Objects now: 2565.
Total: 1.732700 ms (FindLiveObjects: 0.163900 ms CreateObjectMapping: 0.081000 ms MarkObjects: 1.405800 ms  DeleteObjects: 0.081400 ms)

AssetImportParameters requested are different than current active one (requested -> active):
  custom:graphics/normal-map-encoding: 01000000000000000000000000000000 -> 02000000000000000000000000000000
========================================================================
Received Prepare
Registering precompiled user dll's ...
Registered in 0.006583 seconds.
Begin MonoManager ReloadAssembly
Native extension for WindowsStandalone target not found
Native extension for OSXStandalone target not found
Native extension for WebGL target not found
Refreshing native plugins compatible for Editor in 0.46 ms, found 3 plugins.
Preloading 0 native plugins for Editor in 0.00 ms.
Mono: successfully reloaded assembly
- Completed reload, in  0.872 seconds
Platform modules already initialized, skipping
Switching build target platform(19) subTarget(0) extendedPlatform(0) -> platform(13) subTarget(537395200) extendedPlatform(0)
Refreshing native plugins compatible for Editor in 0.42 ms, found 3 plugins.
Preloading 0 native plugins for Editor in 0.00 ms.
Unloading 2099 Unused Serialized files (Serialized files now loaded: 0)
System memory in use before: 100.0 MB.
System memory in use after: 100.0 MB.

Unloading 22 unused Assets to reduce memory usage. Loaded Objects now: 2569.
Total: 1.851100 ms (FindLiveObjects: 0.201200 ms CreateObjectMapping: 0.086500 ms MarkObjects: 1.478000 ms  DeleteObjects: 0.084500 ms)

AssetImportParameters requested are different than current active one (requested -> active):
  custom:graphics/normal-map-encoding: 01000000000000000000000000000000 -> 02000000000000000000000000000000
========================================================================
Received Prepare
Registering precompiled user dll's ...
Registered in 0.006574 seconds.
Begin MonoManager ReloadAssembly
Native extension for WindowsStandalone target not found
Native extension for OSXStandalone target not found
Native extension for WebGL target not found
Refreshing native plugins compatible for Editor in 0.42 ms, found 3 plugins.
Preloading 0 native plugins for Editor in 0.00 ms.
Mono: successfully reloaded assembly
- Completed reload, in  0.830 seconds
Platform modules already initialized, skipping
Switching build target platform(19) subTarget(0) extendedPlatform(0) -> platform(13) subTarget(537395200) extendedPlatform(0)
Refreshing native plugins compatible for Editor in 0.40 ms, found 3 plugins.
Preloading 0 native plugins for Editor in 0.00 ms.
Unloading 2099 Unused Serialized files (Serialized files now loaded: 0)
System memory in use before: 100.0 MB.
System memory in use after: 100.0 MB.

Unloading 22 unused Assets to reduce memory usage. Loaded Objects now: 2573.
Total: 1.729100 ms (FindLiveObjects: 0.162400 ms CreateObjectMapping: 0.065600 ms MarkObjects: 1.417000 ms  DeleteObjects: 0.083300 ms)

AssetImportParameters requested are different than current active one (requested -> active):
  custom:graphics/normal-map-encoding: 01000000000000000000000000000000 -> 02000000000000000000000000000000
========================================================================
Received Prepare
Registering precompiled user dll's ...
Registered in 0.007227 seconds.
Begin MonoManager ReloadAssembly
Native extension for WindowsStandalone target not found
Native extension for OSXStandalone target not found
Native extension for WebGL target not found
Refreshing native plugins compatible for Editor in 0.43 ms, found 3 plugins.
Preloading 0 native plugins for Editor in 0.00 ms.
Mono: successfully reloaded assembly
- Completed reload, in  0.852 seconds
Platform modules already initialized, skipping
Switching build target platform(19) subTarget(0) extendedPlatform(0) -> platform(13) subTarget(537395200) extendedPlatform(0)
Refreshing native plugins compatible for Editor in 0.46 ms, found 3 plugins.
Preloading 0 native plugins for Editor in 0.00 ms.
Unloading 2099 Unused Serialized files (Serialized files now loaded: 0)
System memory in use before: 100.0 MB.
System memory in use after: 100.0 MB.

Unloading 22 unused Assets to reduce memory usage. Loaded Objects now: 2577.
Total: 1.776900 ms (FindLiveObjects: 0.167600 ms CreateObjectMapping: 0.066200 ms MarkObjects: 1.460700 ms  DeleteObjects: 0.081900 ms)

AssetImportParameters requested are different than current active one (requested -> active):
  custom:graphics/normal-map-encoding: 01000000000000000000000000000000 -> 02000000000000000000000000000000
========================================================================
Received Prepare
Registering precompiled user dll's ...
Registered in 0.006071 seconds.
Begin MonoManager ReloadAssembly
Native extension for WindowsStandalone target not found
Native extension for OSXStandalone target not found
Native extension for WebGL target not found
Refreshing native plugins compatible for Editor in 0.42 ms, found 3 plugins.
Preloading 0 native plugins for Editor in 0.00 ms.
Mono: successfully reloaded assembly
- Completed reload, in  0.816 seconds
Platform modules already initialized, skipping
Switching build target platform(19) subTarget(0) extendedPlatform(0) -> platform(13) subTarget(537395200) extendedPlatform(0)
Refreshing native plugins compatible for Editor in 0.42 ms, found 3 plugins.
Preloading 0 native plugins for Editor in 0.00 ms.
Unloading 2099 Unused Serialized files (Serialized files now loaded: 0)
System memory in use before: 100.0 MB.
System memory in use after: 100.0 MB.

Unloading 22 unused Assets to reduce memory usage. Loaded Objects now: 2581.
Total: 1.760700 ms (FindLiveObjects: 0.170400 ms CreateObjectMapping: 0.066300 ms MarkObjects: 1.434900 ms  DeleteObjects: 0.088300 ms)

AssetImportParameters requested are different than current active one (requested -> active):
  custom:graphics/normal-map-encoding: 01000000000000000000000000000000 -> 02000000000000000000000000000000
========================================================================
Received Prepare
Registering precompiled user dll's ...
Registered in 0.006331 seconds.
Begin MonoManager ReloadAssembly
Native extension for WindowsStandalone target not found
Native extension for OSXStandalone target not found
Native extension for WebGL target not found
Refreshing native plugins compatible for Editor in 0.44 ms, found 3 plugins.
Preloading 0 native plugins for Editor in 0.00 ms.
Mono: successfully reloaded assembly
- Completed reload, in  0.844 seconds
Platform modules already initialized, skipping
Switching build target platform(19) subTarget(0) extendedPlatform(0) -> platform(13) subTarget(537395200) extendedPlatform(0)
Refreshing native plugins compatible for Editor in 0.43 ms, found 3 plugins.
Preloading 0 native plugins for Editor in 0.00 ms.
Unloading 2099 Unused Serialized files (Serialized files now loaded: 0)
System memory in use before: 100.1 MB.
System memory in use after: 100.0 MB.

Unloading 22 unused Assets to reduce memory usage. Loaded Objects now: 2585.
Total: 1.826700 ms (FindLiveObjects: 0.201700 ms CreateObjectMapping: 0.088700 ms MarkObjects: 1.448000 ms  DeleteObjects: 0.087500 ms)

AssetImportParameters requested are different than current active one (requested -> active):
  custom:graphics/normal-map-encoding: 01000000000000000000000000000000 -> 02000000000000000000000000000000
========================================================================
Received Prepare
Registering precompiled user dll's ...
Registered in 0.012544 seconds.
Begin MonoManager ReloadAssembly
Native extension for WindowsStandalone target not found
Native extension for OSXStandalone target not found
Native extension for WebGL target not found
Refreshing native plugins compatible for Editor in 0.41 ms, found 3 plugins.
Preloading 0 native plugins for Editor in 0.00 ms.
Mono: successfully reloaded assembly
- Completed reload, in  0.812 seconds
Platform modules already initialized, skipping
Switching build target platform(19) subTarget(0) extendedPlatform(0) -> platform(13) subTarget(537395200) extendedPlatform(0)
Refreshing native plugins compatible for Editor in 0.39 ms, found 3 plugins.
Preloading 0 native plugins for Editor in 0.00 ms.
Unloading 2099 Unused Serialized files (Serialized files now loaded: 0)
System memory in use before: 100.1 MB.
System memory in use after: 100.0 MB.

Unloading 22 unused Assets to reduce memory usage. Loaded Objects now: 2589.
Total: 1.777400 ms (FindLiveObjects: 0.153700 ms CreateObjectMapping: 0.061700 ms MarkObjects: 1.479300 ms  DeleteObjects: 0.082000 ms)

AssetImportParameters requested are different than current active one (requested -> active):
  custom:graphics/normal-map-encoding: 01000000000000000000000000000000 -> 02000000000000000000000000000000
========================================================================
Received Prepare
Registering precompiled user dll's ...
Registered in 0.006697 seconds.
Begin MonoManager ReloadAssembly
Native extension for WindowsStandalone target not found
Native extension for OSXStandalone target not found
Native extension for WebGL target not found
Refreshing native plugins compatible for Editor in 0.41 ms, found 3 plugins.
Preloading 0 native plugins for Editor in 0.00 ms.
Mono: successfully reloaded assembly
- Completed reload, in  0.807 seconds
Platform modules already initialized, skipping
Switching build target platform(19) subTarget(0) extendedPlatform(0) -> platform(13) subTarget(537395200) extendedPlatform(0)
Refreshing native plugins compatible for Editor in 0.41 ms, found 3 plugins.
Preloading 0 native plugins for Editor in 0.00 ms.
Unloading 2099 Unused Serialized files (Serialized files now loaded: 0)
System memory in use before: 100.1 MB.
System memory in use after: 100.0 MB.

Unloading 22 unused Assets to reduce memory usage. Loaded Objects now: 2593.
Total: 1.773600 ms (FindLiveObjects: 0.173600 ms CreateObjectMapping: 0.071800 ms MarkObjects: 1.442800 ms  DeleteObjects: 0.084700 ms)

AssetImportParameters requested are different than current active one (requested -> active):
  custom:graphics/normal-map-encoding: 01000000000000000000000000000000 -> 02000000000000000000000000000000
========================================================================
Received Prepare
Registering precompiled user dll's ...
Registered in 0.005977 seconds.
Begin MonoManager ReloadAssembly
Native extension for WindowsStandalone target not found
Native extension for OSXStandalone target not found
Native extension for WebGL target not found
Refreshing native plugins compatible for Editor in 0.42 ms, found 3 plugins.
Preloading 0 native plugins for Editor in 0.00 ms.
Mono: successfully reloaded assembly
- Completed reload, in  0.844 seconds
Platform modules already initialized, skipping
Switching build target platform(19) subTarget(0) extendedPlatform(0) -> platform(13) subTarget(537395200) extendedPlatform(0)
Refreshing native plugins compatible for Editor in 0.41 ms, found 3 plugins.
Preloading 0 native plugins for Editor in 0.00 ms.
Unloading 2099 Unused Serialized files (Serialized files now loaded: 0)
System memory in use before: 100.1 MB.
System memory in use after: 100.0 MB.

Unloading 22 unused Assets to reduce memory usage. Loaded Objects now: 2597.
Total: 1.723200 ms (FindLiveObjects: 0.163000 ms CreateObjectMapping: 0.066400 ms MarkObjects: 1.411600 ms  DeleteObjects: 0.081500 ms)

AssetImportParameters requested are different than current active one (requested -> active):
  custom:graphics/normal-map-encoding: 01000000000000000000000000000000 -> 02000000000000000000000000000000
========================================================================
Received Prepare
Registering precompiled user dll's ...
Registered in 0.006330 seconds.
Begin MonoManager ReloadAssembly
Native extension for WindowsStandalone target not found
Native extension for OSXStandalone target not found
Native extension for WebGL target not found
Refreshing native plugins compatible for Editor in 0.42 ms, found 3 plugins.
Preloading 0 native plugins for Editor in 0.00 ms.
Mono: successfully reloaded assembly
- Completed reload, in  0.833 seconds
Platform modules already initialized, skipping
Switching build target platform(19) subTarget(0) extendedPlatform(0) -> platform(13) subTarget(537395200) extendedPlatform(0)
Refreshing native plugins compatible for Editor in 0.40 ms, found 3 plugins.
Preloading 0 native plugins for Editor in 0.00 ms.
Unloading 2099 Unused Serialized files (Serialized files now loaded: 0)
System memory in use before: 100.1 MB.
System memory in use after: 100.1 MB.

Unloading 22 unused Assets to reduce memory usage. Loaded Objects now: 2601.
Total: 1.753500 ms (FindLiveObjects: 0.169700 ms CreateObjectMapping: 0.071100 ms MarkObjects: 1.427200 ms  DeleteObjects: 0.084800 ms)

AssetImportParameters requested are different than current active one (requested -> active):
  custom:graphics/normal-map-encoding: 01000000000000000000000000000000 -> 02000000000000000000000000000000
========================================================================
Received Import Request.
  Time since last request: 3045.280286 seconds.
  path: Assets/Resources/Trap/Forest/0031_Pattern.prefab
  artifactKey: Guid(69c822f14797cbc4aaf43a938cb5af01) Importer(815301076,1909f56bfc062723c751e8b465ee728b)
Start importing Assets/Resources/Trap/Forest/0031_Pattern.prefab using Guid(69c822f14797cbc4aaf43a938cb5af01) Importer(815301076,1909f56bfc062723c751e8b465ee728b)  -> (artifact id: '5a01ec84a80669c3dffdc86fdabaefb6') in 0.062579 seconds
  Import took 0.066621 seconds .

========================================================================
Received Import Request.
  Time since last request: 17.062203 seconds.
  path: Assets/Resources/Trap/Forest/0085_Pattern.prefab
  artifactKey: Guid(1358d15b6a2307c4e8c2645647075f74) Importer(815301076,1909f56bfc062723c751e8b465ee728b)
Start importing Assets/Resources/Trap/Forest/0085_Pattern.prefab using Guid(1358d15b6a2307c4e8c2645647075f74) Importer(815301076,1909f56bfc062723c751e8b465ee728b)  -> (artifact id: '300ac4c98228ca37201493327d74854e') in 0.036892 seconds
  Import took 0.040518 seconds .

========================================================================
Received Import Request.
  Time since last request: 0.000182 seconds.
  path: Assets/Resources/Trap/Forest/0089_Pattern.prefab
  artifactKey: Guid(c594739d60bc29d44ad48cca7bf658b7) Importer(815301076,1909f56bfc062723c751e8b465ee728b)
Start importing Assets/Resources/Trap/Forest/0089_Pattern.prefab using Guid(c594739d60bc29d44ad48cca7bf658b7) Importer(815301076,1909f56bfc062723c751e8b465ee728b)  -> (artifact id: '6e2b1e131e04d17fd3b4f1e6daf3c0a4') in 0.059688 seconds
  Import took 0.063237 seconds .

========================================================================
Received Import Request.
  Time since last request: 0.197468 seconds.
  path: Assets/Resources/Trap/Forest/0092_Pattern.prefab
  artifactKey: Guid(423116df4f683db4c860da51c81bef83) Importer(815301076,1909f56bfc062723c751e8b465ee728b)
Start importing Assets/Resources/Trap/Forest/0092_Pattern.prefab using Guid(423116df4f683db4c860da51c81bef83) Importer(815301076,1909f56bfc062723c751e8b465ee728b)  -> (artifact id: '17001626dae16b584cab9bc6cbc6cb08') in 0.020144 seconds
  Import took 0.023832 seconds .

========================================================================
Received Import Request.
  Time since last request: 0.000212 seconds.
  path: Assets/Resources/Trap/Forest/0094_Pattern.prefab
  artifactKey: Guid(da6bd5b9a5ca4b7418ee0efa2c6726d7) Importer(815301076,1909f56bfc062723c751e8b465ee728b)
Start importing Assets/Resources/Trap/Forest/0094_Pattern.prefab using Guid(da6bd5b9a5ca4b7418ee0efa2c6726d7) Importer(815301076,1909f56bfc062723c751e8b465ee728b)  -> (artifact id: '71a72cb026843cfdd009973a9888900f') in 0.021261 seconds
  Import took 0.024856 seconds .

========================================================================
Received Import Request.
  Time since last request: 0.000278 seconds.
  path: Assets/Resources/Trap/Forest/0092_Pattern.prefab
  artifactKey: Guid(423116df4f683db4c860da51c81bef83) Importer(815301076,1909f56bfc062723c751e8b465ee728b)
Start importing Assets/Resources/Trap/Forest/0092_Pattern.prefab using Guid(423116df4f683db4c860da51c81bef83) Importer(815301076,1909f56bfc062723c751e8b465ee728b)  -> (artifact id: '17001626dae16b584cab9bc6cbc6cb08') in 0.018257 seconds
  Import took 0.021978 seconds .

========================================================================
Received Import Request.
  Time since last request: 0.244065 seconds.
  path: Assets/Resources/Trap/Forest/0099_Pattern.prefab
  artifactKey: Guid(25b0453e7c925a84681e7843b28870ad) Importer(815301076,1909f56bfc062723c751e8b465ee728b)
Start importing Assets/Resources/Trap/Forest/0099_Pattern.prefab using Guid(25b0453e7c925a84681e7843b28870ad) Importer(815301076,1909f56bfc062723c751e8b465ee728b)  -> (artifact id: 'ab23a991d038d4639500395a88c78f05') in 0.018267 seconds
  Import took 0.022096 seconds .

========================================================================
Received Import Request.
  Time since last request: 0.000174 seconds.
  path: Assets/Resources/Trap/Forest/0103_Pattern.prefab
  artifactKey: Guid(59135d60591c0464d8dd8e616397810a) Importer(815301076,1909f56bfc062723c751e8b465ee728b)
Start importing Assets/Resources/Trap/Forest/0103_Pattern.prefab using Guid(59135d60591c0464d8dd8e616397810a) Importer(815301076,1909f56bfc062723c751e8b465ee728b)  -> (artifact id: 'e359400a9057d9927403e25195ce5508') in 0.018474 seconds
  Import took 0.021956 seconds .

========================================================================
Received Import Request.
  Time since last request: 0.000185 seconds.
  path: Assets/Resources/Trap/Forest/0099_Pattern.prefab
  artifactKey: Guid(25b0453e7c925a84681e7843b28870ad) Importer(815301076,1909f56bfc062723c751e8b465ee728b)
Start importing Assets/Resources/Trap/Forest/0099_Pattern.prefab using Guid(25b0453e7c925a84681e7843b28870ad) Importer(815301076,1909f56bfc062723c751e8b465ee728b)  -> (artifact id: 'ab23a991d038d4639500395a88c78f05') in 0.018461 seconds
  Import took 0.021947 seconds .

========================================================================
Received Import Request.
  Time since last request: 0.000174 seconds.
  path: Assets/Resources/Trap/Forest/0106_Pattern.prefab
  artifactKey: Guid(e0c6b993cb31fc5459848bd2f2e92bbb) Importer(815301076,1909f56bfc062723c751e8b465ee728b)
Start importing Assets/Resources/Trap/Forest/0106_Pattern.prefab using Guid(e0c6b993cb31fc5459848bd2f2e92bbb) Importer(815301076,1909f56bfc062723c751e8b465ee728b)  -> (artifact id: '4e582e37bd152d4445dd143125d94480') in 0.020450 seconds
  Import took 0.023911 seconds .

========================================================================
Received Import Request.
  Time since last request: 0.260676 seconds.
  path: Assets/Resources/Trap/Forest/0109_Pattern.prefab
  artifactKey: Guid(234747a070fc74d459d23dce9dcbed79) Importer(815301076,1909f56bfc062723c751e8b465ee728b)
Start importing Assets/Resources/Trap/Forest/0109_Pattern.prefab using Guid(234747a070fc74d459d23dce9dcbed79) Importer(815301076,1909f56bfc062723c751e8b465ee728b)  -> (artifact id: '3c6f8fdc1395f531c1febd3c8782af0d') in 0.019770 seconds
  Import took 0.023487 seconds .

========================================================================
Received Import Request.
  Time since last request: 0.017613 seconds.
  path: Assets/Resources/Trap/Forest/0113_Pattern.prefab
  artifactKey: Guid(ce81c427d8d14ea46a979dff5278b114) Importer(815301076,1909f56bfc062723c751e8b465ee728b)
Start importing Assets/Resources/Trap/Forest/0113_Pattern.prefab using Guid(ce81c427d8d14ea46a979dff5278b114) Importer(815301076,1909f56bfc062723c751e8b465ee728b)  -> (artifact id: '988215546d9189b5f8483331ad5cdde2') in 0.018481 seconds
  Import took 0.022084 seconds .

========================================================================
Received Import Request.
  Time since last request: 0.000226 seconds.
  path: Assets/Resources/Trap/Forest/0116_Pattern.prefab
  artifactKey: Guid(496bfbb091811cd4bb9e977088019071) Importer(815301076,1909f56bfc062723c751e8b465ee728b)
Start importing Assets/Resources/Trap/Forest/0116_Pattern.prefab using Guid(496bfbb091811cd4bb9e977088019071) Importer(815301076,1909f56bfc062723c751e8b465ee728b)  -> (artifact id: 'c00cbbe7c9c59ab0c681e477add8da59') in 0.019344 seconds
  Import took 0.022914 seconds .

========================================================================
Received Import Request.
  Time since last request: 0.000173 seconds.
  path: Assets/Resources/Trap/Forest/0113_Pattern.prefab
  artifactKey: Guid(ce81c427d8d14ea46a979dff5278b114) Importer(815301076,1909f56bfc062723c751e8b465ee728b)
Start importing Assets/Resources/Trap/Forest/0113_Pattern.prefab using Guid(ce81c427d8d14ea46a979dff5278b114) Importer(815301076,1909f56bfc062723c751e8b465ee728b)  -> (artifact id: '988215546d9189b5f8483331ad5cdde2') in 0.017847 seconds
  Import took 0.021341 seconds .

========================================================================
Received Import Request.
  Time since last request: 0.000192 seconds.
  path: Assets/Resources/Trap/Forest/0116_Pattern.prefab
  artifactKey: Guid(496bfbb091811cd4bb9e977088019071) Importer(815301076,1909f56bfc062723c751e8b465ee728b)
Start importing Assets/Resources/Trap/Forest/0116_Pattern.prefab using Guid(496bfbb091811cd4bb9e977088019071) Importer(815301076,1909f56bfc062723c751e8b465ee728b)  -> (artifact id: 'c00cbbe7c9c59ab0c681e477add8da59') in 0.017987 seconds
  Import took 0.021473 seconds .

========================================================================
Received Import Request.
  Time since last request: 0.234739 seconds.
  path: Assets/Resources/Trap/Forest/0118_Pattern.prefab
  artifactKey: Guid(4991ac55d39a92249945d61533e5ac2e) Importer(815301076,1909f56bfc062723c751e8b465ee728b)
Start importing Assets/Resources/Trap/Forest/0118_Pattern.prefab using Guid(4991ac55d39a92249945d61533e5ac2e) Importer(815301076,1909f56bfc062723c751e8b465ee728b)  -> (artifact id: '7f52e428bacd5d6a5a1bbcb06b2db17f') in 0.018942 seconds
  Import took 0.022562 seconds .

========================================================================
Received Import Request.
  Time since last request: 0.000211 seconds.
  path: Assets/Resources/Trap/Forest/0122_Pattern.prefab
  artifactKey: Guid(43b817b6262a2d04fbfed1e30ba66649) Importer(815301076,1909f56bfc062723c751e8b465ee728b)
Start importing Assets/Resources/Trap/Forest/0122_Pattern.prefab using Guid(43b817b6262a2d04fbfed1e30ba66649) Importer(815301076,1909f56bfc062723c751e8b465ee728b)  -> (artifact id: 'fe9a03c7322710fc3aa095e0b83e80a2') in 0.012835 seconds
  Import took 0.015779 seconds .

========================================================================
Received Import Request.
  Time since last request: 0.000244 seconds.
  path: Assets/Resources/Trap/Forest/0118_Pattern.prefab
  artifactKey: Guid(4991ac55d39a92249945d61533e5ac2e) Importer(815301076,1909f56bfc062723c751e8b465ee728b)
Start importing Assets/Resources/Trap/Forest/0118_Pattern.prefab using Guid(4991ac55d39a92249945d61533e5ac2e) Importer(815301076,1909f56bfc062723c751e8b465ee728b)  -> (artifact id: '7f52e428bacd5d6a5a1bbcb06b2db17f') in 0.023029 seconds
  Import took 0.026702 seconds .

========================================================================
Received Import Request.
  Time since last request: 0.000199 seconds.
  path: Assets/Resources/Trap/Forest/0119_Pattern.prefab
  artifactKey: Guid(9dea99478b1f6794987e82bce840cdb9) Importer(815301076,1909f56bfc062723c751e8b465ee728b)
Start importing Assets/Resources/Trap/Forest/0119_Pattern.prefab using Guid(9dea99478b1f6794987e82bce840cdb9) Importer(815301076,1909f56bfc062723c751e8b465ee728b)  -> (artifact id: 'ce3ab3a70a86614cd463a0893604dbfc') in 0.031395 seconds
  Import took 0.035593 seconds .

========================================================================
Received Import Request.
  Time since last request: 0.000188 seconds.
  path: Assets/Resources/Trap/Forest/0124_Pattern.prefab
  artifactKey: Guid(edc1a2a4a7704884f922fe4972b0b7da) Importer(815301076,1909f56bfc062723c751e8b465ee728b)
Start importing Assets/Resources/Trap/Forest/0124_Pattern.prefab using Guid(edc1a2a4a7704884f922fe4972b0b7da) Importer(815301076,1909f56bfc062723c751e8b465ee728b)  -> (artifact id: 'b311bbc3aaaf2430a363b36cc8c1722d') in 0.013080 seconds
  Import took 0.015865 seconds .

========================================================================
Received Import Request.
  Time since last request: 0.221386 seconds.
  path: Assets/Resources/Trap/Forest/0127_Pattern.prefab
  artifactKey: Guid(4c8c9432f5e6e2348b79e806560a76a8) Importer(815301076,1909f56bfc062723c751e8b465ee728b)
Start importing Assets/Resources/Trap/Forest/0127_Pattern.prefab using Guid(4c8c9432f5e6e2348b79e806560a76a8) Importer(815301076,1909f56bfc062723c751e8b465ee728b)  -> (artifact id: '92a261359f2eeada941d4ed4c67e201d') in 0.015624 seconds
  Import took 0.018999 seconds .

========================================================================
Received Import Request.
  Time since last request: 0.000211 seconds.
  path: Assets/Resources/Trap/Forest/0128_Pattern.prefab
  artifactKey: Guid(43947cb928434ed45b9fdd3d36948794) Importer(815301076,1909f56bfc062723c751e8b465ee728b)
Start importing Assets/Resources/Trap/Forest/0128_Pattern.prefab using Guid(43947cb928434ed45b9fdd3d36948794) Importer(815301076,1909f56bfc062723c751e8b465ee728b)  -> (artifact id: 'a3e21cde459130ea86b007561d69f65e') in 0.018456 seconds
  Import took 0.022106 seconds .

========================================================================
Received Import Request.
  Time since last request: 0.000159 seconds.
  path: Assets/Resources/Trap/Forest/0129_Pattern.prefab
  artifactKey: Guid(ed6ee72c079ab1a48810729e0e986ea3) Importer(815301076,1909f56bfc062723c751e8b465ee728b)
Start importing Assets/Resources/Trap/Forest/0129_Pattern.prefab using Guid(ed6ee72c079ab1a48810729e0e986ea3) Importer(815301076,1909f56bfc062723c751e8b465ee728b)  -> (artifact id: '1125315c4f7e15d423e1295a18e4c11f') in 0.019411 seconds
  Import took 0.022961 seconds .

========================================================================
Received Import Request.
  Time since last request: 0.003617 seconds.
  path: Assets/Resources/Trap/Forest/0129_Pattern.prefab
  artifactKey: Guid(ed6ee72c079ab1a48810729e0e986ea3) Importer(815301076,1909f56bfc062723c751e8b465ee728b)
Start importing Assets/Resources/Trap/Forest/0129_Pattern.prefab using Guid(ed6ee72c079ab1a48810729e0e986ea3) Importer(815301076,1909f56bfc062723c751e8b465ee728b)  -> (artifact id: '1125315c4f7e15d423e1295a18e4c11f') in 0.016527 seconds
  Import took 0.019662 seconds .

========================================================================
Received Import Request.
  Time since last request: 0.254119 seconds.
  path: Assets/Resources/Trap/Forest/0135_Pattern.prefab
  artifactKey: Guid(9d58d5cf956ce4041a8692660dd3f87c) Importer(815301076,1909f56bfc062723c751e8b465ee728b)
Start importing Assets/Resources/Trap/Forest/0135_Pattern.prefab using Guid(9d58d5cf956ce4041a8692660dd3f87c) Importer(815301076,1909f56bfc062723c751e8b465ee728b)  -> (artifact id: '9ad2787fc1951705eaa92e1f93bd0ece') in 0.018843 seconds
  Import took 0.022537 seconds .

========================================================================
Received Import Request.
  Time since last request: 0.000190 seconds.
  path: Assets/Resources/Trap/Forest/0140_Pattern.prefab
  artifactKey: Guid(ce248b6bf17220e4ba4eac7384c02d34) Importer(815301076,1909f56bfc062723c751e8b465ee728b)
Start importing Assets/Resources/Trap/Forest/0140_Pattern.prefab using Guid(ce248b6bf17220e4ba4eac7384c02d34) Importer(815301076,1909f56bfc062723c751e8b465ee728b)  -> (artifact id: '342f668f7d4d1b9968c3e01a9781e725') in 0.020015 seconds
  Import took 0.023450 seconds .

========================================================================
Received Import Request.
  Time since last request: 0.001091 seconds.
  path: Assets/Resources/Trap/Forest/0140_Pattern.prefab
  artifactKey: Guid(ce248b6bf17220e4ba4eac7384c02d34) Importer(815301076,1909f56bfc062723c751e8b465ee728b)
Start importing Assets/Resources/Trap/Forest/0140_Pattern.prefab using Guid(ce248b6bf17220e4ba4eac7384c02d34) Importer(815301076,1909f56bfc062723c751e8b465ee728b)  -> (artifact id: '342f668f7d4d1b9968c3e01a9781e725') in 0.018177 seconds
  Import took 0.021709 seconds .

========================================================================
Received Import Request.
  Time since last request: 0.280487 seconds.
  path: Assets/Resources/Trap/Forest/0144_Pattern.prefab
  artifactKey: Guid(a62e322173760f540af4bc4fd8cac8a8) Importer(815301076,1909f56bfc062723c751e8b465ee728b)
Start importing Assets/Resources/Trap/Forest/0144_Pattern.prefab using Guid(a62e322173760f540af4bc4fd8cac8a8) Importer(815301076,1909f56bfc062723c751e8b465ee728b)  -> (artifact id: '21f6458241db1d71f69ff846a423d5f6') in 0.018694 seconds
  Import took 0.022301 seconds .

========================================================================
Received Import Request.
  Time since last request: 0.295869 seconds.
  path: Assets/Resources/Trap/Forest/0147_Pattern.prefab
  artifactKey: Guid(c0d0180610780644ea702a6768005511) Importer(815301076,1909f56bfc062723c751e8b465ee728b)
Start importing Assets/Resources/Trap/Forest/0147_Pattern.prefab using Guid(c0d0180610780644ea702a6768005511) Importer(815301076,1909f56bfc062723c751e8b465ee728b)  -> (artifact id: '67c738b1a9784b1ed699fadef07f71af') in 0.018366 seconds
  Import took 0.022538 seconds .

========================================================================
Received Import Request.
  Time since last request: 0.000194 seconds.
  path: Assets/Resources/Trap/Forest/0149_Pattern.prefab
  artifactKey: Guid(5f7ea021076180446ae5f41859a7ddf3) Importer(815301076,1909f56bfc062723c751e8b465ee728b)
Start importing Assets/Resources/Trap/Forest/0149_Pattern.prefab using Guid(5f7ea021076180446ae5f41859a7ddf3) Importer(815301076,1909f56bfc062723c751e8b465ee728b)  -> (artifact id: 'ef4021536111301e20c4659cf525d146') in 0.023277 seconds
  Import took 0.026995 seconds .

========================================================================
Received Import Request.
  Time since last request: 0.004057 seconds.
  path: Assets/Resources/Trap/Forest/0149_Pattern.prefab
  artifactKey: Guid(5f7ea021076180446ae5f41859a7ddf3) Importer(815301076,1909f56bfc062723c751e8b465ee728b)
Start importing Assets/Resources/Trap/Forest/0149_Pattern.prefab using Guid(5f7ea021076180446ae5f41859a7ddf3) Importer(815301076,1909f56bfc062723c751e8b465ee728b)  -> (artifact id: 'ef4021536111301e20c4659cf525d146') in 0.033391 seconds
  Import took 0.037117 seconds .

========================================================================
Received Import Request.
  Time since last request: 0.000178 seconds.
  path: Assets/Resources/Trap/Forest/0155_Pattern.prefab
  artifactKey: Guid(2f3a29ef0578d944991aef7b1ad5fa00) Importer(815301076,1909f56bfc062723c751e8b465ee728b)
Start importing Assets/Resources/Trap/Forest/0155_Pattern.prefab using Guid(2f3a29ef0578d944991aef7b1ad5fa00) Importer(815301076,1909f56bfc062723c751e8b465ee728b)  -> (artifact id: 'c090dbfc40a9ea675c95342896d7c273') in 0.019432 seconds
  Import took 0.022817 seconds .

========================================================================
Received Import Request.
  Time since last request: 0.272870 seconds.
  path: Assets/Resources/Trap/Forest/0159_Pattern.prefab
  artifactKey: Guid(9bebde7ee4ce54743ac4fbc13878336a) Importer(815301076,1909f56bfc062723c751e8b465ee728b)
Start importing Assets/Resources/Trap/Forest/0159_Pattern.prefab using Guid(9bebde7ee4ce54743ac4fbc13878336a) Importer(815301076,1909f56bfc062723c751e8b465ee728b)  -> (artifact id: 'ac5084e90cf6cf7afeb602513ffeaeb8') in 0.017496 seconds
  Import took 0.021036 seconds .

========================================================================
Received Import Request.
  Time since last request: 0.000197 seconds.
  path: Assets/Resources/Trap/Forest/0162_Pattern.prefab
  artifactKey: Guid(6f65ab82418ca6842bbde3e054937514) Importer(815301076,1909f56bfc062723c751e8b465ee728b)
Start importing Assets/Resources/Trap/Forest/0162_Pattern.prefab using Guid(6f65ab82418ca6842bbde3e054937514) Importer(815301076,1909f56bfc062723c751e8b465ee728b)  -> (artifact id: 'c53800972aced07b6021730a674e54ad') in 0.018052 seconds
  Import took 0.021568 seconds .

========================================================================
Received Import Request.
  Time since last request: 0.000171 seconds.
  path: Assets/Resources/Trap/Forest/0164_Pattern.prefab
  artifactKey: Guid(ed95f7d9b7e2c7546bf6742bc0d53f4e) Importer(815301076,1909f56bfc062723c751e8b465ee728b)
Start importing Assets/Resources/Trap/Forest/0164_Pattern.prefab using Guid(ed95f7d9b7e2c7546bf6742bc0d53f4e) Importer(815301076,1909f56bfc062723c751e8b465ee728b)  -> (artifact id: '9d943d61baaa64b63d1b7ba96079a968') in 0.020653 seconds
  Import took 0.024183 seconds .

========================================================================
Received Import Request.
  Time since last request: 0.000160 seconds.
  path: Assets/Resources/Trap/Forest/0162_Pattern.prefab
  artifactKey: Guid(6f65ab82418ca6842bbde3e054937514) Importer(815301076,1909f56bfc062723c751e8b465ee728b)
Start importing Assets/Resources/Trap/Forest/0162_Pattern.prefab using Guid(6f65ab82418ca6842bbde3e054937514) Importer(815301076,1909f56bfc062723c751e8b465ee728b)  -> (artifact id: 'c53800972aced07b6021730a674e54ad') in 0.018679 seconds
  Import took 0.022055 seconds .

========================================================================
Received Import Request.
  Time since last request: 0.000199 seconds.
  path: Assets/Resources/Trap/Forest/0159_Pattern.prefab
  artifactKey: Guid(9bebde7ee4ce54743ac4fbc13878336a) Importer(815301076,1909f56bfc062723c751e8b465ee728b)
Start importing Assets/Resources/Trap/Forest/0159_Pattern.prefab using Guid(9bebde7ee4ce54743ac4fbc13878336a) Importer(815301076,1909f56bfc062723c751e8b465ee728b)  -> (artifact id: 'ac5084e90cf6cf7afeb602513ffeaeb8') in 0.017826 seconds
  Import took 0.021323 seconds .

========================================================================
Received Import Request.
  Time since last request: 0.270312 seconds.
  path: Assets/Resources/Trap/Forest/0165_Pattern.prefab
  artifactKey: Guid(3189ba07e497670449d11c79d77a3b8b) Importer(815301076,1909f56bfc062723c751e8b465ee728b)
Start importing Assets/Resources/Trap/Forest/0165_Pattern.prefab using Guid(3189ba07e497670449d11c79d77a3b8b) Importer(815301076,1909f56bfc062723c751e8b465ee728b)  -> (artifact id: '7d831d58aaaa20bde47f991adfc0e077') in 0.020536 seconds
  Import took 0.024324 seconds .

========================================================================
Received Import Request.
  Time since last request: 0.000162 seconds.
  path: Assets/Resources/Trap/Forest/0169_Pattern.prefab
  artifactKey: Guid(b7d7915078c1e7b4abb1195716313369) Importer(815301076,1909f56bfc062723c751e8b465ee728b)
Start importing Assets/Resources/Trap/Forest/0169_Pattern.prefab using Guid(b7d7915078c1e7b4abb1195716313369) Importer(815301076,1909f56bfc062723c751e8b465ee728b)  -> (artifact id: 'cfe4b4ccbfd4c8e2fcb94b1324e23604') in 0.018837 seconds
  Import took 0.022285 seconds .

========================================================================
Received Import Request.
  Time since last request: 0.000184 seconds.
  path: Assets/Resources/Trap/Forest/0165_Pattern.prefab
  artifactKey: Guid(3189ba07e497670449d11c79d77a3b8b) Importer(815301076,1909f56bfc062723c751e8b465ee728b)
Start importing Assets/Resources/Trap/Forest/0165_Pattern.prefab using Guid(3189ba07e497670449d11c79d77a3b8b) Importer(815301076,1909f56bfc062723c751e8b465ee728b)  -> (artifact id: '7d831d58aaaa20bde47f991adfc0e077') in 0.019366 seconds
  Import took 0.022949 seconds .

========================================================================
Received Import Request.
  Time since last request: 0.000195 seconds.
  path: Assets/Resources/Trap/Forest/0169_Pattern.prefab
  artifactKey: Guid(b7d7915078c1e7b4abb1195716313369) Importer(815301076,1909f56bfc062723c751e8b465ee728b)
Start importing Assets/Resources/Trap/Forest/0169_Pattern.prefab using Guid(b7d7915078c1e7b4abb1195716313369) Importer(815301076,1909f56bfc062723c751e8b465ee728b)  -> (artifact id: 'cfe4b4ccbfd4c8e2fcb94b1324e23604') in 0.018349 seconds
  Import took 0.021824 seconds .

========================================================================
Received Import Request.
  Time since last request: 0.382679 seconds.
  path: Assets/Resources/Trap/Forest/0172_Pattern.prefab
  artifactKey: Guid(fa83619bd3159984d9419e51437509ad) Importer(815301076,1909f56bfc062723c751e8b465ee728b)
Start importing Assets/Resources/Trap/Forest/0172_Pattern.prefab using Guid(fa83619bd3159984d9419e51437509ad) Importer(815301076,1909f56bfc062723c751e8b465ee728b)  -> (artifact id: 'f994434437c8197aba56154c65276328') in 0.020069 seconds
  Import took 0.023711 seconds .

========================================================================
Received Import Request.
  Time since last request: 0.000208 seconds.
  path: Assets/Resources/Trap/Forest/0175_Pattern.prefab
  artifactKey: Guid(498b2d85bdf5a2645956ed15ed2db6cf) Importer(815301076,1909f56bfc062723c751e8b465ee728b)
Start importing Assets/Resources/Trap/Forest/0175_Pattern.prefab using Guid(498b2d85bdf5a2645956ed15ed2db6cf) Importer(815301076,1909f56bfc062723c751e8b465ee728b)  -> (artifact id: 'fd4411350eec250c93981e9368258736') in 0.023084 seconds
  Import took 0.026625 seconds .

========================================================================
Received Import Request.
  Time since last request: 0.000174 seconds.
  path: Assets/Resources/Trap/Forest/0174_Pattern.prefab
  artifactKey: Guid(89c4d7edb37646446ae0684e393a8557) Importer(815301076,1909f56bfc062723c751e8b465ee728b)
Start importing Assets/Resources/Trap/Forest/0174_Pattern.prefab using Guid(89c4d7edb37646446ae0684e393a8557) Importer(815301076,1909f56bfc062723c751e8b465ee728b)  -> (artifact id: 'afb791ee4f8f5a0e9eb495665e6e75b7') in 0.019815 seconds
  Import took 0.023322 seconds .

========================================================================
Received Import Request.
  Time since last request: 0.000190 seconds.
  path: Assets/Resources/Trap/Forest/0172_Pattern.prefab
  artifactKey: Guid(fa83619bd3159984d9419e51437509ad) Importer(815301076,1909f56bfc062723c751e8b465ee728b)
Start importing Assets/Resources/Trap/Forest/0172_Pattern.prefab using Guid(fa83619bd3159984d9419e51437509ad) Importer(815301076,1909f56bfc062723c751e8b465ee728b)  -> (artifact id: 'f994434437c8197aba56154c65276328') in 0.021571 seconds
  Import took 0.024926 seconds .

========================================================================
Received Import Request.
  Time since last request: 0.273510 seconds.
  path: Assets/Resources/Trap/Forest/0180_Pattern.prefab
  artifactKey: Guid(2e300cb487a73af479a58ff8b406924b) Importer(815301076,1909f56bfc062723c751e8b465ee728b)
Start importing Assets/Resources/Trap/Forest/0180_Pattern.prefab using Guid(2e300cb487a73af479a58ff8b406924b) Importer(815301076,1909f56bfc062723c751e8b465ee728b)  -> (artifact id: '077c8290cb6d99193a55acc0f458acca') in 0.020050 seconds
  Import took 0.023912 seconds .

========================================================================
Received Import Request.
  Time since last request: 0.000168 seconds.
  path: Assets/Resources/Trap/Forest/0181_Pattern.prefab
  artifactKey: Guid(c602f8a136150034599feb83533aef21) Importer(815301076,1909f56bfc062723c751e8b465ee728b)
Start importing Assets/Resources/Trap/Forest/0181_Pattern.prefab using Guid(c602f8a136150034599feb83533aef21) Importer(815301076,1909f56bfc062723c751e8b465ee728b)  -> (artifact id: 'f0ead8fdd14350243a950bc4763fdd70') in 0.033160 seconds
  Import took 0.036501 seconds .

========================================================================
Received Import Request.
  Time since last request: 0.258312 seconds.
  path: Assets/Resources/Trap/Forest/0183_Pattern.prefab
  artifactKey: Guid(a52bc4d0bcc11cb4a8c060ffee4e6ff3) Importer(815301076,1909f56bfc062723c751e8b465ee728b)
Start importing Assets/Resources/Trap/Forest/0183_Pattern.prefab using Guid(a52bc4d0bcc11cb4a8c060ffee4e6ff3) Importer(815301076,1909f56bfc062723c751e8b465ee728b)  -> (artifact id: 'db1392f3099b3f2419e8c16788f4dd26') in 0.020373 seconds
  Import took 0.023960 seconds .

========================================================================
Received Import Request.
  Time since last request: 0.039968 seconds.
  path: Assets/Resources/Trap/Forest/0190_Pattern.prefab
  artifactKey: Guid(b01df7117f5a4714e8cc7fc3674261eb) Importer(815301076,1909f56bfc062723c751e8b465ee728b)
Start importing Assets/Resources/Trap/Forest/0190_Pattern.prefab using Guid(b01df7117f5a4714e8cc7fc3674261eb) Importer(815301076,1909f56bfc062723c751e8b465ee728b)  -> (artifact id: '9bdbe0556a80e8f8738fcf1cddf98786') in 0.019038 seconds
  Import took 0.022804 seconds .

========================================================================
Received Import Request.
  Time since last request: 0.268728 seconds.
  path: Assets/Resources/Trap/Forest/0194_Pattern.prefab
  artifactKey: Guid(e2817efde0958d644a0eaa4fcd812a30) Importer(815301076,1909f56bfc062723c751e8b465ee728b)
Start importing Assets/Resources/Trap/Forest/0194_Pattern.prefab using Guid(e2817efde0958d644a0eaa4fcd812a30) Importer(815301076,1909f56bfc062723c751e8b465ee728b)  -> (artifact id: '1d4460b187aef9975f24748a2341bad9') in 0.020784 seconds
  Import took 0.024566 seconds .

========================================================================
Received Import Request.
  Time since last request: 0.000195 seconds.
  path: Assets/Resources/Trap/Forest/0197_Pattern.prefab
  artifactKey: Guid(77c72d1da151a78408f02696301dd1b6) Importer(815301076,1909f56bfc062723c751e8b465ee728b)
Start importing Assets/Resources/Trap/Forest/0197_Pattern.prefab using Guid(77c72d1da151a78408f02696301dd1b6) Importer(815301076,1909f56bfc062723c751e8b465ee728b)  -> (artifact id: '6ec6829be5b0330eb9152ad1d0f292c0') in 0.020653 seconds
  Import took 0.024028 seconds .

========================================================================
Received Import Request.
  Time since last request: 0.000205 seconds.
  path: Assets/Resources/Trap/Forest/0194_Pattern.prefab
  artifactKey: Guid(e2817efde0958d644a0eaa4fcd812a30) Importer(815301076,1909f56bfc062723c751e8b465ee728b)
Start importing Assets/Resources/Trap/Forest/0194_Pattern.prefab using Guid(e2817efde0958d644a0eaa4fcd812a30) Importer(815301076,1909f56bfc062723c751e8b465ee728b)  -> (artifact id: '1d4460b187aef9975f24748a2341bad9') in 0.025032 seconds
  Import took 0.028461 seconds .

========================================================================
Received Import Request.
  Time since last request: 0.254398 seconds.
  path: Assets/Resources/Trap/Forest/0199_Pattern.prefab
  artifactKey: Guid(77c2c276a592e07478fb8a6205d8fb92) Importer(815301076,1909f56bfc062723c751e8b465ee728b)
Start importing Assets/Resources/Trap/Forest/0199_Pattern.prefab using Guid(77c2c276a592e07478fb8a6205d8fb92) Importer(815301076,1909f56bfc062723c751e8b465ee728b)  -> (artifact id: '1e2952eef5a453352270ca9433c9b146') in 0.019881 seconds
  Import took 0.023502 seconds .

========================================================================
Received Import Request.
  Time since last request: 0.032511 seconds.
  path: Assets/Resources/Trap/Forest/0204_Pattern.prefab
  artifactKey: Guid(a48fabae6e819d14cae4533260b8f2fb) Importer(815301076,1909f56bfc062723c751e8b465ee728b)
Start importing Assets/Resources/Trap/Forest/0204_Pattern.prefab using Guid(a48fabae6e819d14cae4533260b8f2fb) Importer(815301076,1909f56bfc062723c751e8b465ee728b)  -> (artifact id: '9915d38b77fc19d74867415e069c6bf9') in 0.019661 seconds
  Import took 0.023434 seconds .

========================================================================
Received Import Request.
  Time since last request: 0.293776 seconds.
  path: Assets/Resources/Trap/Forest/0207_Pattern.prefab
  artifactKey: Guid(f3880daad2fcf2f48af941d5ac272d84) Importer(815301076,1909f56bfc062723c751e8b465ee728b)
Start importing Assets/Resources/Trap/Forest/0207_Pattern.prefab using Guid(f3880daad2fcf2f48af941d5ac272d84) Importer(815301076,1909f56bfc062723c751e8b465ee728b)  -> (artifact id: '7c7067eaf3d072da54e0987739b52b97') in 0.018461 seconds
  Import took 0.022180 seconds .

========================================================================
Received Import Request.
  Time since last request: 0.000187 seconds.
  path: Assets/Resources/Trap/Forest/0209_Pattern.prefab
  artifactKey: Guid(6077123d9b9ec0241b467e5caf939899) Importer(815301076,1909f56bfc062723c751e8b465ee728b)
Start importing Assets/Resources/Trap/Forest/0209_Pattern.prefab using Guid(6077123d9b9ec0241b467e5caf939899) Importer(815301076,1909f56bfc062723c751e8b465ee728b)  -> (artifact id: '45294e5db90eab82fad86808eb5d3d96') in 0.019023 seconds
  Import took 0.022563 seconds .

========================================================================
Received Import Request.
  Time since last request: 0.000166 seconds.
  path: Assets/Resources/Trap/Forest/0210_Pattern.prefab
  artifactKey: Guid(3b66856bbee2eb34f9198fc11ff23423) Importer(815301076,1909f56bfc062723c751e8b465ee728b)
Start importing Assets/Resources/Trap/Forest/0210_Pattern.prefab using Guid(3b66856bbee2eb34f9198fc11ff23423) Importer(815301076,1909f56bfc062723c751e8b465ee728b)  -> (artifact id: '295adcf2fa27b5cbcfaeb07b73998931') in 0.019724 seconds
  Import took 0.023551 seconds .

========================================================================
Received Import Request.
  Time since last request: 0.000210 seconds.
  path: Assets/Resources/Trap/Forest/0215_Pattern.prefab
  artifactKey: Guid(75af79caa7bcf034c9aecb10d7d31632) Importer(815301076,1909f56bfc062723c751e8b465ee728b)
Start importing Assets/Resources/Trap/Forest/0215_Pattern.prefab using Guid(75af79caa7bcf034c9aecb10d7d31632) Importer(815301076,1909f56bfc062723c751e8b465ee728b)  -> (artifact id: '4542838405ede164d1567466475190bc') in 0.019528 seconds
  Import took 0.023123 seconds .

========================================================================
Received Import Request.
  Time since last request: 0.000154 seconds.
  path: Assets/Resources/Trap/Forest/0213_Pattern.prefab
  artifactKey: Guid(2ab06eafcc255b745b1174b4e584a582) Importer(815301076,1909f56bfc062723c751e8b465ee728b)
Start importing Assets/Resources/Trap/Forest/0213_Pattern.prefab using Guid(2ab06eafcc255b745b1174b4e584a582) Importer(815301076,1909f56bfc062723c751e8b465ee728b)  -> (artifact id: 'ec133fb2850bec8a02b9de4bfb1011bd') in 0.017539 seconds
  Import took 0.020896 seconds .

========================================================================
Received Import Request.
  Time since last request: 0.000161 seconds.
  path: Assets/Resources/Trap/Forest/0210_Pattern.prefab
  artifactKey: Guid(3b66856bbee2eb34f9198fc11ff23423) Importer(815301076,1909f56bfc062723c751e8b465ee728b)
Start importing Assets/Resources/Trap/Forest/0210_Pattern.prefab using Guid(3b66856bbee2eb34f9198fc11ff23423) Importer(815301076,1909f56bfc062723c751e8b465ee728b)  -> (artifact id: '295adcf2fa27b5cbcfaeb07b73998931') in 0.019119 seconds
  Import took 0.022582 seconds .

========================================================================
Received Import Request.
  Time since last request: 0.000172 seconds.
  path: Assets/Resources/Trap/Forest/0213_Pattern.prefab
  artifactKey: Guid(2ab06eafcc255b745b1174b4e584a582) Importer(815301076,1909f56bfc062723c751e8b465ee728b)
Start importing Assets/Resources/Trap/Forest/0213_Pattern.prefab using Guid(2ab06eafcc255b745b1174b4e584a582) Importer(815301076,1909f56bfc062723c751e8b465ee728b)  -> (artifact id: 'ec133fb2850bec8a02b9de4bfb1011bd') in 0.018604 seconds
  Import took 0.021997 seconds .

========================================================================
Received Import Request.
  Time since last request: 0.206971 seconds.
  path: Assets/Resources/Trap/Forest/0216_Pattern.prefab
  artifactKey: Guid(5a4e9367d96c0e148baf093ba9fdef53) Importer(815301076,1909f56bfc062723c751e8b465ee728b)
Start importing Assets/Resources/Trap/Forest/0216_Pattern.prefab using Guid(5a4e9367d96c0e148baf093ba9fdef53) Importer(815301076,1909f56bfc062723c751e8b465ee728b)  -> (artifact id: '98a9bccd75d9f847a4c01ef79a958271') in 0.019934 seconds
  Import took 0.023661 seconds .

========================================================================
Received Import Request.
  Time since last request: 0.000170 seconds.
  path: Assets/Resources/Trap/Forest/0218_Pattern.prefab
  artifactKey: Guid(63f621bc1c609574c9f4e07b5ad4752e) Importer(815301076,1909f56bfc062723c751e8b465ee728b)
Start importing Assets/Resources/Trap/Forest/0218_Pattern.prefab using Guid(63f621bc1c609574c9f4e07b5ad4752e) Importer(815301076,1909f56bfc062723c751e8b465ee728b)  -> (artifact id: '002467fb400cc9160e24edba29551808') in 0.018651 seconds
  Import took 0.022092 seconds .

========================================================================
Received Import Request.
  Time since last request: 0.000182 seconds.
  path: Assets/Resources/Trap/Forest/0219_Pattern.prefab
  artifactKey: Guid(68bdefe611fdfee4799948ebf03c63cd) Importer(815301076,1909f56bfc062723c751e8b465ee728b)
Start importing Assets/Resources/Trap/Forest/0219_Pattern.prefab using Guid(68bdefe611fdfee4799948ebf03c63cd) Importer(815301076,1909f56bfc062723c751e8b465ee728b)  -> (artifact id: 'dca519f5801cc9f01da30ca2449d1611') in 0.019861 seconds
  Import took 0.023341 seconds .

========================================================================
Received Import Request.
  Time since last request: 0.000183 seconds.
  path: Assets/Resources/Trap/Forest/0218_Pattern.prefab
  artifactKey: Guid(63f621bc1c609574c9f4e07b5ad4752e) Importer(815301076,1909f56bfc062723c751e8b465ee728b)
Start importing Assets/Resources/Trap/Forest/0218_Pattern.prefab using Guid(63f621bc1c609574c9f4e07b5ad4752e) Importer(815301076,1909f56bfc062723c751e8b465ee728b)  -> (artifact id: '002467fb400cc9160e24edba29551808') in 0.019006 seconds
  Import took 0.022457 seconds .

========================================================================
Received Import Request.
  Time since last request: 0.000169 seconds.
  path: Assets/Resources/Trap/Forest/0219_Pattern.prefab
  artifactKey: Guid(68bdefe611fdfee4799948ebf03c63cd) Importer(815301076,1909f56bfc062723c751e8b465ee728b)
Start importing Assets/Resources/Trap/Forest/0219_Pattern.prefab using Guid(68bdefe611fdfee4799948ebf03c63cd) Importer(815301076,1909f56bfc062723c751e8b465ee728b)  -> (artifact id: 'dca519f5801cc9f01da30ca2449d1611') in 0.020068 seconds
  Import took 0.023483 seconds .

========================================================================
Received Import Request.
  Time since last request: 0.000170 seconds.
  path: Assets/Resources/Trap/Forest/0220_Pattern.prefab
  artifactKey: Guid(166ba634f1634dc47b8edcf6b3505d5c) Importer(815301076,1909f56bfc062723c751e8b465ee728b)
Start importing Assets/Resources/Trap/Forest/0220_Pattern.prefab using Guid(166ba634f1634dc47b8edcf6b3505d5c) Importer(815301076,1909f56bfc062723c751e8b465ee728b)  -> (artifact id: '3dcb306b1526bfa794ec5b16aa13ee72') in 0.020281 seconds
  Import took 0.023612 seconds .

========================================================================
Received Import Request.
  Time since last request: 0.211610 seconds.
  path: Assets/Resources/Trap/Forest/0224_Pattern.prefab
  artifactKey: Guid(c13650f6669e2f94bbdacd0fa9494806) Importer(815301076,1909f56bfc062723c751e8b465ee728b)
Start importing Assets/Resources/Trap/Forest/0224_Pattern.prefab using Guid(c13650f6669e2f94bbdacd0fa9494806) Importer(815301076,1909f56bfc062723c751e8b465ee728b)  -> (artifact id: 'ec3da0f44bbd1eb013bb0bcda7f09877') in 0.017983 seconds
  Import took 0.021753 seconds .

========================================================================
Received Import Request.
  Time since last request: 0.013586 seconds.
  path: Assets/Resources/Trap/Forest/0227_Pattern.prefab
  artifactKey: Guid(093b8b205aacecb45ad261e8d0323461) Importer(815301076,1909f56bfc062723c751e8b465ee728b)
Start importing Assets/Resources/Trap/Forest/0227_Pattern.prefab using Guid(093b8b205aacecb45ad261e8d0323461) Importer(815301076,1909f56bfc062723c751e8b465ee728b)  -> (artifact id: 'be9020843afd3f58e5a73f0e0cb7f5a3') in 0.018451 seconds
  Import took 0.022042 seconds .

========================================================================
Received Import Request.
  Time since last request: 0.286284 seconds.
  path: Assets/Resources/Trap/Forest/0229_Pattern.prefab
  artifactKey: Guid(eec740d148cf08945923d5b44f23ec73) Importer(815301076,1909f56bfc062723c751e8b465ee728b)
Start importing Assets/Resources/Trap/Forest/0229_Pattern.prefab using Guid(eec740d148cf08945923d5b44f23ec73) Importer(815301076,1909f56bfc062723c751e8b465ee728b)  -> (artifact id: '00fe333aaa2a4db354401ea90f1e42b9') in 0.019818 seconds
  Import took 0.024304 seconds .

========================================================================
Received Import Request.
  Time since last request: 0.000233 seconds.
  path: Assets/Resources/Trap/Forest/0230_Pattern.prefab
  artifactKey: Guid(3183c6d262d185e429463c856afd9b6a) Importer(815301076,1909f56bfc062723c751e8b465ee728b)
Start importing Assets/Resources/Trap/Forest/0230_Pattern.prefab using Guid(3183c6d262d185e429463c856afd9b6a) Importer(815301076,1909f56bfc062723c751e8b465ee728b)  -> (artifact id: '254546906dbe22a0ab9115064f0fbba4') in 0.020668 seconds
  Import took 0.024665 seconds .

========================================================================
Received Import Request.
  Time since last request: 0.000206 seconds.
  path: Assets/Resources/Trap/Forest/0233_Pattern.prefab
  artifactKey: Guid(611f192030900e84bb6a0a197567933b) Importer(815301076,1909f56bfc062723c751e8b465ee728b)
Start importing Assets/Resources/Trap/Forest/0233_Pattern.prefab using Guid(611f192030900e84bb6a0a197567933b) Importer(815301076,1909f56bfc062723c751e8b465ee728b)  -> (artifact id: '2a3d4d394ea93a04f40f3c146485651d') in 0.018552 seconds
  Import took 0.022459 seconds .

========================================================================
Received Import Request.
  Time since last request: 0.000192 seconds.
  path: Assets/Resources/Trap/Forest/0235_Pattern.prefab
  artifactKey: Guid(9a25552c257aff54ab63a523539a6cf1) Importer(815301076,1909f56bfc062723c751e8b465ee728b)
Start importing Assets/Resources/Trap/Forest/0235_Pattern.prefab using Guid(9a25552c257aff54ab63a523539a6cf1) Importer(815301076,1909f56bfc062723c751e8b465ee728b)  -> (artifact id: '7b1b767b8d944a128057c9510076a877') in 0.019925 seconds
  Import took 0.023474 seconds .

========================================================================
Received Import Request.
  Time since last request: 0.000248 seconds.
  path: Assets/Resources/Trap/Forest/0229_Pattern.prefab
  artifactKey: Guid(eec740d148cf08945923d5b44f23ec73) Importer(815301076,1909f56bfc062723c751e8b465ee728b)
Start importing Assets/Resources/Trap/Forest/0229_Pattern.prefab using Guid(eec740d148cf08945923d5b44f23ec73) Importer(815301076,1909f56bfc062723c751e8b465ee728b)  -> (artifact id: '00fe333aaa2a4db354401ea90f1e42b9') in 0.019417 seconds
  Import took 0.023970 seconds .

========================================================================
Received Import Request.
  Time since last request: 0.000173 seconds.
  path: Assets/Resources/Trap/Forest/0230_Pattern.prefab
  artifactKey: Guid(3183c6d262d185e429463c856afd9b6a) Importer(815301076,1909f56bfc062723c751e8b465ee728b)
Start importing Assets/Resources/Trap/Forest/0230_Pattern.prefab using Guid(3183c6d262d185e429463c856afd9b6a) Importer(815301076,1909f56bfc062723c751e8b465ee728b)  -> (artifact id: '254546906dbe22a0ab9115064f0fbba4') in 0.020333 seconds
  Import took 0.023845 seconds .

========================================================================
Received Import Request.
  Time since last request: 0.000199 seconds.
  path: Assets/Resources/Trap/Forest/0236_Pattern.prefab
  artifactKey: Guid(68291db571b7ed44f80787ec28c0c656) Importer(815301076,1909f56bfc062723c751e8b465ee728b)
Start importing Assets/Resources/Trap/Forest/0236_Pattern.prefab using Guid(68291db571b7ed44f80787ec28c0c656) Importer(815301076,1909f56bfc062723c751e8b465ee728b)  -> (artifact id: '805c3ee231ff753135d94d050c755c50') in 0.020248 seconds
  Import took 0.023724 seconds .

========================================================================
Received Import Request.
  Time since last request: 0.353027 seconds.
  path: Assets/Resources/Trap/Forest/0238_Pattern.prefab
  artifactKey: Guid(2fc44ce247cd6f84996ba2c85c143b1f) Importer(815301076,1909f56bfc062723c751e8b465ee728b)
Start importing Assets/Resources/Trap/Forest/0238_Pattern.prefab using Guid(2fc44ce247cd6f84996ba2c85c143b1f) Importer(815301076,1909f56bfc062723c751e8b465ee728b)  -> (artifact id: 'c00ca34ddfc83dc42596f2b104e96212') in 0.018785 seconds
  Import took 0.022382 seconds .

========================================================================
Received Import Request.
  Time since last request: 0.000167 seconds.
  path: Assets/Resources/Trap/Forest/0239_Pattern.prefab
  artifactKey: Guid(f9069cf52e0b55c478ca8d311f660b20) Importer(815301076,1909f56bfc062723c751e8b465ee728b)
Start importing Assets/Resources/Trap/Forest/0239_Pattern.prefab using Guid(f9069cf52e0b55c478ca8d311f660b20) Importer(815301076,1909f56bfc062723c751e8b465ee728b)  -> (artifact id: '59013939175cd0864cf2afac16be3268') in 0.021519 seconds
  Import took 0.025086 seconds .

========================================================================
Received Import Request.
  Time since last request: 0.000148 seconds.
  path: Assets/Resources/Trap/Forest/0240_Pattern.prefab
  artifactKey: Guid(35b123082988ec84ca71048a86ab7b61) Importer(815301076,1909f56bfc062723c751e8b465ee728b)
Start importing Assets/Resources/Trap/Forest/0240_Pattern.prefab using Guid(35b123082988ec84ca71048a86ab7b61) Importer(815301076,1909f56bfc062723c751e8b465ee728b)  -> (artifact id: 'f9f957980f45a8dfecba01d5572c029b') in 0.019508 seconds
  Import took 0.023024 seconds .

========================================================================
Received Import Request.
  Time since last request: 0.002635 seconds.
  path: Assets/Resources/Trap/Forest/0240_Pattern.prefab
  artifactKey: Guid(35b123082988ec84ca71048a86ab7b61) Importer(815301076,1909f56bfc062723c751e8b465ee728b)
Start importing Assets/Resources/Trap/Forest/0240_Pattern.prefab using Guid(35b123082988ec84ca71048a86ab7b61) Importer(815301076,1909f56bfc062723c751e8b465ee728b)  -> (artifact id: 'f9f957980f45a8dfecba01d5572c029b') in 0.021393 seconds
  Import took 0.024929 seconds .

========================================================================
Received Import Request.
  Time since last request: 0.323470 seconds.
  path: Assets/Resources/Trap/Forest/0243_Pattern.prefab
  artifactKey: Guid(173155c7c3a9bb44e90220fa1d28a310) Importer(815301076,1909f56bfc062723c751e8b465ee728b)
Start importing Assets/Resources/Trap/Forest/0243_Pattern.prefab using Guid(173155c7c3a9bb44e90220fa1d28a310) Importer(815301076,1909f56bfc062723c751e8b465ee728b)  -> (artifact id: '9c65f9ecc48af8e5dfafcb8406e80bc8') in 0.018594 seconds
  Import took 0.022270 seconds .

========================================================================
Received Import Request.
  Time since last request: 0.000210 seconds.
  path: Assets/Resources/Trap/Forest/0245_Pattern.prefab
  artifactKey: Guid(c23bba8a3096d6f4ea7f5192a466ad2f) Importer(815301076,1909f56bfc062723c751e8b465ee728b)
Start importing Assets/Resources/Trap/Forest/0245_Pattern.prefab using Guid(c23bba8a3096d6f4ea7f5192a466ad2f) Importer(815301076,1909f56bfc062723c751e8b465ee728b)  -> (artifact id: '2f06d03c377e0ca437d4732a16826825') in 0.019263 seconds
  Import took 0.023068 seconds .

========================================================================
Received Import Request.
  Time since last request: 0.000177 seconds.
  path: Assets/Resources/Trap/Forest/0246_Pattern.prefab
  artifactKey: Guid(b0ea3e4d4df8c154398b1030409792a1) Importer(815301076,1909f56bfc062723c751e8b465ee728b)
Start importing Assets/Resources/Trap/Forest/0246_Pattern.prefab using Guid(b0ea3e4d4df8c154398b1030409792a1) Importer(815301076,1909f56bfc062723c751e8b465ee728b)  -> (artifact id: '9884d86a9de81361c0cbb288c73b821c') in 0.020252 seconds
  Import took 0.023743 seconds .

========================================================================
Received Import Request.
  Time since last request: 0.000187 seconds.
  path: Assets/Resources/Trap/Forest/0248_Pattern.prefab
  artifactKey: Guid(9a91033acb9a0a34b9d3224d14c9d06f) Importer(815301076,1909f56bfc062723c751e8b465ee728b)
Start importing Assets/Resources/Trap/Forest/0248_Pattern.prefab using Guid(9a91033acb9a0a34b9d3224d14c9d06f) Importer(815301076,1909f56bfc062723c751e8b465ee728b)  -> (artifact id: 'b59d564e0cba92c52c8924b97cdca795') in 0.018405 seconds
  Import took 0.021964 seconds .

========================================================================
Received Import Request.
  Time since last request: 0.000194 seconds.
  path: Assets/Resources/Trap/Forest/0249_Pattern.prefab
  artifactKey: Guid(836c4dcdb6fe7b644be6cdff888471f0) Importer(815301076,1909f56bfc062723c751e8b465ee728b)
Start importing Assets/Resources/Trap/Forest/0249_Pattern.prefab using Guid(836c4dcdb6fe7b644be6cdff888471f0) Importer(815301076,1909f56bfc062723c751e8b465ee728b)  -> (artifact id: '4eb416a07e6069f444378aa07a8e264b') in 0.019798 seconds
  Import took 0.023456 seconds .

========================================================================
Received Import Request.
  Time since last request: 0.000196 seconds.
  path: Assets/Resources/Trap/Forest/0248_Pattern.prefab
  artifactKey: Guid(9a91033acb9a0a34b9d3224d14c9d06f) Importer(815301076,1909f56bfc062723c751e8b465ee728b)
Start importing Assets/Resources/Trap/Forest/0248_Pattern.prefab using Guid(9a91033acb9a0a34b9d3224d14c9d06f) Importer(815301076,1909f56bfc062723c751e8b465ee728b)  -> (artifact id: 'b59d564e0cba92c52c8924b97cdca795') in 0.017981 seconds
  Import took 0.021413 seconds .

========================================================================
Received Import Request.
  Time since last request: 0.000176 seconds.
  path: Assets/Resources/Trap/Forest/0249_Pattern.prefab
  artifactKey: Guid(836c4dcdb6fe7b644be6cdff888471f0) Importer(815301076,1909f56bfc062723c751e8b465ee728b)
Start importing Assets/Resources/Trap/Forest/0249_Pattern.prefab using Guid(836c4dcdb6fe7b644be6cdff888471f0) Importer(815301076,1909f56bfc062723c751e8b465ee728b)  -> (artifact id: '4eb416a07e6069f444378aa07a8e264b') in 0.020150 seconds
  Import took 0.023713 seconds .

========================================================================
Received Import Request.
  Time since last request: 0.227670 seconds.
  path: Assets/Resources/Trap/Forest/0252_Pattern.prefab
  artifactKey: Guid(595f6809bb9d19943b7624085d4adccc) Importer(815301076,1909f56bfc062723c751e8b465ee728b)
Start importing Assets/Resources/Trap/Forest/0252_Pattern.prefab using Guid(595f6809bb9d19943b7624085d4adccc) Importer(815301076,1909f56bfc062723c751e8b465ee728b)  -> (artifact id: 'c3830bca3e06d241c1692f746f9e2832') in 0.012180 seconds
  Import took 0.015115 seconds .

========================================================================
Received Import Request.
  Time since last request: 0.000158 seconds.
  path: Assets/Resources/Trap/Forest/0253_Pattern.prefab
  artifactKey: Guid(4773bdd2bc2d94e4eb663cbd89dc63cb) Importer(815301076,1909f56bfc062723c751e8b465ee728b)
Start importing Assets/Resources/Trap/Forest/0253_Pattern.prefab using Guid(4773bdd2bc2d94e4eb663cbd89dc63cb) Importer(815301076,1909f56bfc062723c751e8b465ee728b)  -> (artifact id: '857a2b46ee6f819e5c66a20ea34cef26') in 0.015486 seconds
  Import took 0.018257 seconds .

========================================================================
Received Import Request.
  Time since last request: 0.000198 seconds.
  path: Assets/Resources/Trap/Forest/0254_Pattern.prefab
  artifactKey: Guid(447c8f49649c0b64b9a2ead973a09856) Importer(815301076,1909f56bfc062723c751e8b465ee728b)
Start importing Assets/Resources/Trap/Forest/0254_Pattern.prefab using Guid(447c8f49649c0b64b9a2ead973a09856) Importer(815301076,1909f56bfc062723c751e8b465ee728b)  -> (artifact id: 'dba0140d1449f6ae48fb5b566c9a1859') in 0.015738 seconds
  Import took 0.019410 seconds .

========================================================================
Received Import Request.
  Time since last request: 0.001385 seconds.
  path: Assets/Resources/Trap/Forest/0255_Pattern.prefab
  artifactKey: Guid(aa26c119c26baa844b19c127552083e1) Importer(815301076,1909f56bfc062723c751e8b465ee728b)
Start importing Assets/Resources/Trap/Forest/0255_Pattern.prefab using Guid(aa26c119c26baa844b19c127552083e1) Importer(815301076,1909f56bfc062723c751e8b465ee728b)  -> (artifact id: 'bdd49cc9ded37a71824f52e7c772476d') in 0.014733 seconds
  Import took 0.017927 seconds .

AssetImportWorkerClient::OnTransportError - code=2 error=End of file
